[    0.000000] Initializing cgroup subsys cpuset
[    0.000000] Initializing cgroup subsys cpu
[    0.000000] Initializing cgroup subsys cpuacct
[    0.000000] Linux version 4.4.0-109-generic (buildd@lgw01-amd64-038) (gcc version 5.4.0 20160609 (Ubuntu 5.4.0-6ubuntu1~16.04.5) ) #132-Ubuntu SMP Tue Jan 9 19:52:39 UTC 2018 (Ubuntu 4.4.0-109.132-generic 4.4.98)
[    0.000000] Command line: BOOT_IMAGE=/boot/vmlinuz-4.4.0-109-generic root=LABEL=cloudimg-rootfs ro console=tty1 console=ttyS0
[    0.000000] KERNEL supported cpus:
[    0.000000]   Intel GenuineIntel
[    0.000000]   AMD AuthenticAMD
[    0.000000]   Centaur CentaurHauls
[    0.000000] x86/fpu: xstate_offset[2]:  576, xstate_sizes[2]:  256
[    0.000000] x86/fpu: Supporting XSAVE feature 0x01: 'x87 floating point registers'
[    0.000000] x86/fpu: Supporting XSAVE feature 0x02: 'SSE registers'
[    0.000000] x86/fpu: Supporting XSAVE feature 0x04: 'AVX registers'
[    0.000000] x86/fpu: Enabled xstate features 0x7, context size is 832 bytes, using 'standard' format.
[    0.000000] x86/fpu: Using 'lazy' FPU context switches.
[    0.000000] e820: BIOS-provided physical RAM map:
[    0.000000] BIOS-e820: [mem 0x0000000000000000-0x000000000009fbff] usable
[    0.000000] BIOS-e820: [mem 0x000000000009fc00-0x000000000009ffff] reserved
[    0.000000] BIOS-e820: [mem 0x00000000000f0000-0x00000000000fffff] reserved
[    0.000000] BIOS-e820: [mem 0x0000000000100000-0x000000001ffeffff] usable
[    0.000000] BIOS-e820: [mem 0x000000001fff0000-0x000000001fffffff] ACPI data
[    0.000000] BIOS-e820: [mem 0x00000000fec00000-0x00000000fec00fff] reserved
[    0.000000] BIOS-e820: [mem 0x00000000fee00000-0x00000000fee00fff] reserved
[    0.000000] BIOS-e820: [mem 0x00000000fffc0000-0x00000000ffffffff] reserved
[    0.000000] NX (Execute Disable) protection: active
[    0.000000] SMBIOS 2.5 present.
[    0.000000] Hypervisor detected: KVM
[    0.000000] Kernel/User page tables isolation: disabled
[    0.000000] e820: last_pfn = 0x1fff0 max_arch_pfn = 0x400000000
[    0.000000] MTRR: Disabled
[    0.000000] x86/PAT: MTRRs disabled, skipping PAT initialization too.
[    0.000000] CPU MTRRs all blank - virtualized system.
[    0.000000] x86/PAT: Configuration [0-7]: WB  WT  UC- UC  WB  WT  UC- UC  
[    0.000000] found SMP MP-table at [mem 0x0009fff0-0x0009ffff] mapped at [ffff88000009fff0]
[    0.000000] Scanning 1 areas for low memory corruption
[    0.000000] RAMDISK: [mem 0x1edb6000-0x1f83ffff]
[    0.000000] ACPI: Early table checksum verification disabled
[    0.000000] ACPI: RSDP 0x00000000000E0000 000024 (v02 VBOX  )
[    0.000000] ACPI: XSDT 0x000000001FFF0030 00003C (v01 VBOX   VBOXXSDT 00000001 ASL  00000061)
[    0.000000] ACPI: FACP 0x000000001FFF00F0 0000F4 (v04 VBOX   VBOXFACP 00000001 ASL  00000061)
[    0.000000] ACPI: DSDT 0x000000001FFF0470 0021FF (v02 VBOX   VBOXBIOS 00000002 INTL 20160108)
[    0.000000] ACPI: FACS 0x000000001FFF0200 000040
[    0.000000] ACPI: FACS 0x000000001FFF0200 000040
[    0.000000] ACPI: APIC 0x000000001FFF0240 00005C (v02 VBOX   VBOXAPIC 00000001 ASL  00000061)
[    0.000000] ACPI: SSDT 0x000000001FFF02A0 0001CC (v01 VBOX   VBOXCPUT 00000002 INTL 20160108)
[    0.000000] No NUMA configuration found
[    0.000000] Faking a node at [mem 0x0000000000000000-0x000000001ffeffff]
[    0.000000] NODE_DATA(0) allocated [mem 0x1ffeb000-0x1ffeffff]
[    0.000000] kvm-clock: Using msrs 4b564d01 and 4b564d00
[    0.000000] kvm-clock: cpu 0, msr 0:1ffe3001, primary cpu clock
[    0.000000] kvm-clock: using sched offset of 3245778019 cycles
[    0.000000] clocksource: kvm-clock: mask: 0xffffffffffffffff max_cycles: 0x1cd42e4dffb, max_idle_ns: 881590591483 ns
[    0.000000] Zone ranges:
[    0.000000]   DMA      [mem 0x0000000000001000-0x0000000000ffffff]
[    0.000000]   DMA32    [mem 0x0000000001000000-0x000000001ffeffff]
[    0.000000]   Normal   empty
[    0.000000]   Device   empty
[    0.000000] Movable zone start for each node
[    0.000000] Early memory node ranges
[    0.000000]   node   0: [mem 0x0000000000001000-0x000000000009efff]
[    0.000000]   node   0: [mem 0x0000000000100000-0x000000001ffeffff]
[    0.000000] Initmem setup node 0 [mem 0x0000000000001000-0x000000001ffeffff]
[    0.000000] ACPI: PM-Timer IO Port: 0x4008
[    0.000000] IOAPIC[0]: apic_id 2, version 32, address 0xfec00000, GSI 0-23
[    0.000000] ACPI: INT_SRC_OVR (bus 0 bus_irq 0 global_irq 2 dfl dfl)
[    0.000000] ACPI: INT_SRC_OVR (bus 0 bus_irq 9 global_irq 9 high level)
[    0.000000] Using ACPI (MADT) for SMP configuration information
[    0.000000] smpboot: Allowing 2 CPUs, 0 hotplug CPUs
[    0.000000] PM: Registered nosave memory: [mem 0x00000000-0x00000fff]
[    0.000000] PM: Registered nosave memory: [mem 0x0009f000-0x0009ffff]
[    0.000000] PM: Registered nosave memory: [mem 0x000a0000-0x000effff]
[    0.000000] PM: Registered nosave memory: [mem 0x000f0000-0x000fffff]
[    0.000000] e820: [mem 0x20000000-0xfebfffff] available for PCI devices
[    0.000000] Booting paravirtualized kernel on KVM
[    0.000000] clocksource: refined-jiffies: mask: 0xffffffff max_cycles: 0xffffffff, max_idle_ns: 7645519600211568 ns
[    0.000000] setup_percpu: NR_CPUS:512 nr_cpumask_bits:512 nr_cpu_ids:2 nr_node_ids:1
[    0.000000] PERCPU: Embedded 34 pages/cpu @ffff88001fc00000 s99544 r8192 d31528 u1048576
[    0.000000] PV qspinlock hash table entries: 256 (order: 0, 4096 bytes)
[    0.000000] Built 1 zonelists in Node order, mobility grouping on.  Total pages: 128889
[    0.000000] Policy zone: DMA32
[    0.000000] Kernel command line: BOOT_IMAGE=/boot/vmlinuz-4.4.0-109-generic root=LABEL=cloudimg-rootfs ro console=tty1 console=ttyS0
[    0.000000] PID hash table entries: 2048 (order: 2, 16384 bytes)
[    0.000000] Memory: 485660K/523832K available (8485K kernel code, 1308K rwdata, 3988K rodata, 1508K init, 1316K bss, 38172K reserved, 0K cma-reserved)
[    0.000000] SLUB: HWalign=64, Order=0-3, MinObjects=0, CPUs=2, Nodes=1
[    0.000000] Hierarchical RCU implementation.
[    0.000000] 	Build-time adjustment of leaf fanout to 64.
[    0.000000] 	RCU restricting CPUs from NR_CPUS=512 to nr_cpu_ids=2.
[    0.000000] RCU: Adjusting geometry for rcu_fanout_leaf=64, nr_cpu_ids=2
[    0.000000] NR_IRQS:33024 nr_irqs:440 16
[    0.000000] Console: colour VGA+ 80x25
[    0.000000] console [tty1] enabled
[    0.000000] console [ttyS0] enabled
[    0.000000] tsc: Detected 3094.372 MHz processor
[    0.000000] tsc: Marking TSC unstable due to TSCs unsynchronized
[    0.012000] Calibrating delay loop (skipped) preset value.. 6188.74 BogoMIPS (lpj=12377488)
[    0.016012] pid_max: default: 32768 minimum: 301
[    0.020033] ACPI: Core revision 20150930
[    0.025350] ACPI: 2 ACPI AML tables successfully acquired and loaded
[    0.032377] Security Framework initialized
[    0.036017] Yama: becoming mindful.
[    0.037677] AppArmor: AppArmor initialized
[    0.040105] Dentry cache hash table entries: 65536 (order: 7, 524288 bytes)
[    0.044171] Inode-cache hash table entries: 32768 (order: 6, 262144 bytes)
[    0.048091] Mount-cache hash table entries: 1024 (order: 1, 8192 bytes)
[    0.052028] Mountpoint-cache hash table entries: 1024 (order: 1, 8192 bytes)
[    0.056277] Initializing cgroup subsys io
[    0.060025] Initializing cgroup subsys memory
[    0.064043] Initializing cgroup subsys devices
[    0.068024] Initializing cgroup subsys freezer
[    0.072025] Initializing cgroup subsys net_cls
[    0.076026] Initializing cgroup subsys perf_event
[    0.080036] Initializing cgroup subsys net_prio
[    0.084033] Initializing cgroup subsys hugetlb
[    0.088025] Initializing cgroup subsys pids
[    0.092157] CPU: Physical Processor ID: 0
[    0.096014] CPU: Processor Core ID: 0
[    0.100019] mce: CPU supports 0 MCE banks
[    0.104043] Last level iTLB entries: 4KB 512, 2MB 1024, 4MB 512
[    0.108014] Last level dTLB entries: 4KB 1024, 2MB 1024, 4MB 512, 1GB 0
[    0.116599] Freeing SMP alternatives memory: 32K
[    0.129058] ftrace: allocating 32171 entries in 126 pages
[    0.148021] smpboot: APIC(0) Converting physical 0 to logical package 0
[    0.152019] smpboot: Max logical packages: 1
[    0.156439] x2apic enabled
[    0.160021] Switched APIC routing to physical x2apic.
[    0.165460] ..TIMER: vector=0x30 apic1=0 pin1=2 apic2=-1 pin2=-1
[    0.172000] smpboot: CPU0: AMD A8-7600 Radeon R7, 10 Compute Cores 4C+6G (family: 0x15, model: 0x30, stepping: 0x1)
[    0.176865] Performance Events: Broken PMU hardware detected, using software events only.
[    0.180012] Failed to access perfctr msr (MSR c0010007 is 0)
[    0.182213] KVM setup paravirtual spinlock
[    0.185109] x86: Booting SMP configuration:
[    0.187007] .... node  #0, CPUs:      #1
[    0.012000] kvm-clock: cpu 1, msr 0:1ffe3041, secondary cpu clock
[    0.012000] mce: CPU supports 0 MCE banks
[    0.396163] x86: Booted up 1 node, 2 CPUs
[    0.400018] smpboot: Total of 2 processors activated (12377.48 BogoMIPS)
[    0.404374] devtmpfs: initialized
[    0.413353] evm: security.selinux
[    0.416013] evm: security.SMACK64
[    0.420011] evm: security.SMACK64EXEC
[    0.424014] evm: security.SMACK64TRANSMUTE
[    0.428012] evm: security.SMACK64MMAP
[    0.429435] evm: security.ima
[    0.432006] evm: security.capability
[    0.433521] clocksource: jiffies: mask: 0xffffffff max_cycles: 0xffffffff, max_idle_ns: 7645041785100000 ns
[    0.468010] futex hash table entries: 512 (order: 3, 32768 bytes)
[    0.472209] pinctrl core: initialized pinctrl subsystem
[    0.476968] RTC time: 12:11:53, date: 01/25/18
[    0.484138] NET: Registered protocol family 16
[    0.500014] cpuidle: using governor ladder
[    0.520036] cpuidle: using governor menu
[    0.524054] PCCT header not found.
[    0.528344] ACPI: bus type PCI registered
[    0.532015] acpiphp: ACPI Hot Plug PCI Controller Driver version: 0.5
[    0.536178] PCI: Using configuration type 1 for base access
[    0.540014] PCI: Using configuration type 1 for extended access
[    0.556212] ACPI: Added _OSI(Module Device)
[    0.668015] ACPI: Added _OSI(Processor Device)
[    0.808022] ACPI: Added _OSI(3.0 _SCP Extensions)
[    0.904017] ACPI: Added _OSI(Processor Aggregator Device)
[    0.996907] ACPI: Executed 1 blocks of module-level executable AML code
[    1.164689] ACPI: Interpreter enabled
[    1.200050] ACPI: (supports S0 S5)
[    1.204009] ACPI: Using IOAPIC for interrupt routing
[    1.206005] PCI: Using host bridge windows from ACPI; if necessary, use "pci=nocrs" and report a bug
[    1.220560] ACPI: PCI Root Bridge [PCI0] (domain 0000 [bus 00-ff])
[    1.224021] acpi PNP0A03:00: _OSC: OS supports [ExtendedConfig ASPM ClockPM Segments MSI]
[    1.228091] acpi PNP0A03:00: _OSC: OS now controls [PCIeHotplug PME AER PCIeCapability]
[    1.236397] PCI host bridge to bus 0000:00
[    1.264018] pci_bus 0000:00: root bus resource [io  0x0000-0x0cf7 window]
[    1.284017] pci_bus 0000:00: root bus resource [io  0x0d00-0xffff window]
[    1.308025] pci_bus 0000:00: root bus resource [mem 0x000a0000-0x000bffff window]
[    1.324018] pci_bus 0000:00: root bus resource [mem 0x20000000-0xffdfffff window]
[    1.352018] pci_bus 0000:00: root bus resource [bus 00-ff]
[    1.365548] pci 0000:00:01.1: legacy IDE quirk: reg 0x10: [io  0x01f0-0x01f7]
[    1.368018] pci 0000:00:01.1: legacy IDE quirk: reg 0x14: [io  0x03f6]
[    1.372016] pci 0000:00:01.1: legacy IDE quirk: reg 0x18: [io  0x0170-0x0177]
[    1.376018] pci 0000:00:01.1: legacy IDE quirk: reg 0x1c: [io  0x0376]
[    1.420662] pci 0000:00:07.0: quirk: [io  0x4000-0x403f] claimed by PIIX4 ACPI
[    1.460038] pci 0000:00:07.0: quirk: [io  0x4100-0x410f] claimed by PIIX4 SMB
[    1.488997] ACPI: PCI Interrupt Link [LNKA] (IRQs 5 9 10 *11)
[    1.505373] ACPI: PCI Interrupt Link [LNKB] (RQs 5 9 10 *11)
[    1.665769] ACPI: PCI Interrupt Link [LNKC] (IRQs 5 9 *10 11)
[    1.792616] ACPI: PCI Interrupt Link [LNKD] (IRQs 5 *9 10 11)
[    1.962265] ACPI: Enabled 2 GPEs in block 00 to 07
[    2.080481] vgaarb: setting as boot device: PCI:0000:00:02.0
[    2.084000] vgaarb: device added: PCI:0000:00:02.0,decodes=io+mem,owns=io+mem,locks=none
[    2.272026] vgaarb: loaded
[    2.276010] vgaarb: bridge control possible 0000:00:02.0
[    2.278403] SCSI subsystem initialized
[    2.281544] ACPI: bus type USB registered
[    2.292104] usbcore: registered new interface driver usbfs
[    2.296030] usbcore: registered new interface driver hub
[    2.308517] usbcore: registered new device driver usb
[    2.313897] PCI: Using ACPI for IRQ routing
[    2.316444] NetLabel: Initializing
[    2.320009] NetLabel:  domain hash size = 128
[    2.321613] NetLabel:  protocols = UNLABELED CIPSOv4
[    2.328044] NetLabel:  unlabeled traffic allowed by default
[    2.332101] amd_nb: Cannot enumerate AMD northbridges
[    2.334141] clocksource: Switched to clocksource kvm-clock
[    2.356907] AppArmor: AppArmor Filesystem Enabled
[    2.457318] pnp: PnP ACPI init
[    2.541849] pnp: PnP ACPI: found 3 devices
[    2.692721] clocksource: acpi_pm: mask: 0xffffff max_cycles: 0xffffff, max_idle_ns: 2085701024 ns
[    2.972731] NET: Registered protocol family 2
[    3.152338] TCP established hash table entries: 4096 (order: 3, 32768 bytes)
[    3.333342] TCP bind hash table entries: 4096 (order: 4, 65536 bytes)
[    3.336045] TCP: Hash tables configured (established 4096 bind 4096)
[    3.390337] UDP hash table entries: 256 (order: 1, 8192 bytes)
[    3.392843] UDP-Lite hash table entries: 256 (order: 1, 8192 bytes)
[    3.395878] NET: Registered protocol family 1
[    3.398242] pci 0000:00:00.0: Limiting direct PCI/PCI transfers
[    3.400470] pci 0000:00:01.0: Activating ISA DMA hang workarounds
[    3.424905] Unpacking initramfs...
[    5.911885] Freeing initrd memory: 10792K
[    6.018459] clocksource: tsc: mask: 0xffffffffffffffff max_cycles: 0x2c9a834e092, max_idle_ns: 440795248211 ns
[    6.262653] platform rtc_cmos: registered platform RTC device (no PNP device found)
[    6.414431] Scanning for low memory corruption every 60 seconds
[    6.581130] audit: initializing netlink subsys (disabled)
[    6.789350] audit: type=2000 audit(1516882319.821:1): initialized
[    6.798140] Initialise system trusted keyring
[    6.800564] HugeTLB registered 2 MB page size, pre-allocated 0 pages
[    6.994688] zbud: loaded
[    7.016879] VFS: Disk quotas dquot_6.6.0
[    7.067378] VFS: Dquot-cache hash table entries: 512 (order 0, 4096 bytes)
[    7.204460] squashfs: version 4.0 (2009/01/31) Phillip Lougher
[    7.363746] fuse init (API version 7.23)
[    7.390715] Key type big_key registered
[    7.404738] Allocating IMA MOK and blacklist keyrings.
[    7.419590] Key type asymmetric registered
[    7.498043] Asymmetric key parser 'x509' registered
[    7.542532] Block layer SCSI generic (bsg) driver version 0.4 loaded (major 249)
[    7.693619] io scheduler noop registered
[    7.749105] io scheduler deadline registered (default)
[    7.751647] io scheduler cfq registered
[    7.753522] pci_hotplug: PCI Hot Plug PCI Core version: 0.5
[    7.755745] pciehp: PCI Express Hot Plug Controller Driver version: 0.4
[    7.758494] ACPI: AC Adapter [AC] (on-line)
[    7.760237] input: Power Button as /devices/LNXSYSTM:00/LNXPWRBN:00/input/input0
[    7.763072] ACPI: Power Button [PWRF]
[    7.765281] input: Sleep Button as /devices/LNXSYSTM:00/LNXSLPBN:00/input/input1
[    7.770023] ACPI: Sleep Button [SLPF]
[    7.773153] GHES: HEST is not enabled!
[    7.789011] Serial: 8250/16550 driver, 32 ports, IRQ sharing enabled
[    7.890570] 00:02: ttyS0 at I/O 0x3f8 (irq = 4, base_baud = 115200) is a 16550A
[    7.932146] Linux agpgart interface v0.103
[    7.938729] loop: module loaded
[    7.995947] scsi host0: ata_piix
[    8.053134] scsi host1: ata_piix
[    8.069679] ata1: PATA max UDMA/33 cmd 0x1f0 ctl 0x3f6 bmdma 0xd000 irq 14
[    8.074141] ata2: PATA max UDMA/33 cmd 0x170 ctl 0x376 bmdma 0xd008 irq 15
[    8.184478] libphy: Fixed MDIO Bus: probed
[    8.335430] tun: Universal TUN/TAP device driver, 1.6
[    8.484487] tun: (C) 1999-2004 Max Krasnyansky <maxk@qualcomm.com>
[    8.590775] PPP generic driver version 2.4.2
[    8.637478] ehci_hcd: USB 2.0 'Enhanced' Host Controller (EHCI) Driver
[    8.828702] ehci-pci: EHCI PCI platform driver
[    8.928346] ehci-platform: EHCI generic platform driver
[    8.931133] ohci_hcd: USB 1.1 'Open' Host Controller (OHCI) Driver
[    8.933971] ohci-pci: OHCI PCI platform driver
[    8.936140] ohci-platform: OHCI generic platform driver
[    8.938637] uhci_hcd: USB Universal Host Controller Interface driver
[    8.941919] i8042: PNP: PS/2 Controller [PNP0303:PS2K,PNP0f03:PS2M] at 0x60,0x64 irq 1,12
[    8.947568] serio: i8042 KBD port at 0x60,0x64 irq 1
[    8.950088] serio: i8042 AUX port at 0x60,0x64 irq 12
[    8.952966] mousedev: PS/2 mouse device common for all mice
[    8.959482] input: AT Translated Set 2 keyboard as /devices/platform/i8042/serio0/input/input2
[    9.137851] rtc_cmos rtc_cmos: rtc core: registered rtc_cmos as rtc0
[    9.279532] rtc_cmos rtc_cmos: alarms up to one day, 114 bytes nvram
[    9.302737] i2c /dev entries driver
[    9.306521] device-mapper: uevent: version 1.0.3
[    9.351688] device-mapper: ioctl: 4.34.0-ioctl (2015-10-28) initialised: dm-devel@redhat.com
[    9.355959] ledtrig-cpu: registered to indicate activity on CPUs
[    9.361973] NET: Registered protocol family 10
[    9.364486] NET: Registered protocol family 17
[    9.366934] Key type dns_resolver registered
[    9.369657] microcode: CPU0: patch_level=0x06000626
[    9.373397] microcode: CPU1: patch_level=0x06000626
[    9.437967] microcode: Microcode Update Driver: v2.01 <tigran@aivazian.fsnet.co.uk>, Peter Oruba
[    9.531437] registered taskstats version 1
[    9.599172] Loading compiled-in X.509 certificates
[    9.649803] Loaded X.509 cert 'Build time autogenerated kernel key: 96e61bd247bb6c4e82ca419795a98fcb171b0e99'
[    9.798548] zswap: loaded using pool lzo/zbud
[    9.846234] Key type trusted registered
[    9.959497] Key type encrypted registered
[   10.049989] AppArmor: AppArmor sha1 policy hashing enabled
[   10.107107] ima: No TPM chip found, activating TPM-bypass!
[   10.116188] evm: HMAC attrs: 0x1
[   10.118171]   Magic number: 2:735:178
[   10.127560]  platform: hash matches
[   10.130535] rtc_cmos rtc_cmos: setting system clock to 2018-01-25 12:12:03 UTC (1516882323)
[   10.153014] BIOS EDD facility v0.16 2004-Jun-25, 0 devices found
[   10.298478] EDD information not available.
[   10.378467] Freeing unused kernel memory: 1508K
[   10.494269] Write protecting the kernel read-only data: 14336k
[   10.602037] Freeing unused kernel memory: 1744K
[   10.655086] Freeing unused kernel memory: 108K
Loading, please wait...
starting version[   10.742498] random: systemd-udevd: uninitialized urandom read (16 bytes read, 4 bits of entropy available)
 229
[   10.744961] random: udevadm: uninitialized urandom read (16 bytes read, 4 bits of entropy available)
[   10.744997] random: udevadm: uninitialized urandom read (16 bytes read, 4 bits of entropy available)
[   10.762994] random: udevadm: uninitialized urandom read (16 bytes read, 4 bits of entropy available)
[   10.763058] random: udevadm: uninitialized urandom read (16 bytes read, 4 bits of entropy available)
[   10.763290] random: udevadm: uninitialized urandom read (16 bytes read, 4 bits of entropy available)
[   10.763370] random: udevadm: uninitialized urandom read (16 bytes read, 4 bits of entropy available)
[   10.763461] random: udevadm: uninitialized urandom read (16 bytes read, 4 bits of entropy available)
[   10.763544] random: udevadm: uninitialized urandom read (16 bytes read, 4 bits of entropy available)
[   10.763623] random: udevadm: uninitialized urandom read (16 bytes read, 4 bits of entropy available)
[   11.407581] e1000: Intel(R) PRO/1000 Network Driver - version 7.3.21-k8-NAPI
[   11.426476] e1000: Copyright (c) 1999-2006 Intel Corporation.
[   11.434863] Fusion MPT base driver 3.04.20
[   11.437356] Copyright (c) 1999-2008 LSI Corporation
[   11.447856] Fusion MPT SPI Host driver 3.04.20
[   11.474271] AVX version of gcm_enc/dec engaged.
[   11.481811] AES CTR mode by8 optimization enabled
[   11.647336] input: ImExPS/2 Generic Explorer Mouse as /devices/platform/i8042/serio1/input/input4
[   12.039859] e1000 0000:00:03.0 eth0: (PCI:33MHz:32-bit) 02:38:07:4c:82:85
[   12.197075] e1000 0000:00:03.0 eth0: Intel(R) PRO/1000 Network Connection
[   12.659434] e1000 0000:00:08.0 eth1: (PCI:33MHz:32-bit) 08:00:27:62:34:ab
[   12.773042] e1000 0000:00:08.0 eth1: Intel(R) PRO/1000 Network Connection
[   12.797974] mptbase: ioc0: Initiating bringup
[   12.798945] e1000 0000:00:08.0 enp0s8: renamed from eth1
[   13.000423] e1000 0000:00:03.0 enp0s3: renamed from eth0
[   13.056767] ioc0: LSI53C1030 A0: Capabilities={Initiator}
[   13.279440] scsi host2: ioc0: LSI53C1030 A0, FwRev=00000000h, Ports=1, MaxQ=256, IRQ=20
[   13.413320] scsi 2:0:0:0: Direct-Access     VBOX     HARDDISK         1.0  PQ: 0 ANSI: 5
[   13.426373] scsi target2:0:0: Beginning Domain Validation
[   13.430550] scsi target2:0:0: Domain Validation skipping write tests
[   13.433035] scsi target2:0:0: Ending Domain Validation
[   13.435385] scsi target2:0:0: asynchronous
[   13.440485] scsi 2:0:1:0: Direct-Access     VBOX     HARDDISK         1.0  PQ: 0 ANSI: 5
[   13.458787] scsi target2:0:1: Beginning Domain Validation
[   13.540036] scsi target2:0:1: Domain Validation skipping write tests
[   13.590215] scsi target2:0:1: Ending Domain Validation
[   13.600712] scsi target2:0:1: asynchronous
[   13.630575] sd 2:0:0:0: Attached scsi generic sg0 type 0
[   13.638037] sd 2:0:0:0: [sda] 20971520 512-byte logical blocks: (10.7 GB/10.0 GiB)
[   13.638340] sd 2:0:0:0: [sda] Write Protect is off
[   13.638463] sd 2:0:0:0: [sda] Incomplete mode parameter data
[   13.638464] sd 2:0:0:0: [sda] Assuming drive cache: write through
[   13.647127]  sda: sda1
[   13.648117] sd 2:0:0:0: [sda] Attached SCSI disk
[   13.769200] sd 2:0:1:0: Attached scsi generic sg1 type 0
[   13.770167] sd 2:0:1:0: [sdb] 20480 512-byte logical blocks: (10.5 MB/10.0 MiB)
[   13.770433] sd 2:0:1:0: [sdb] Write Protect is off
[   13.770571] sd 2:0:1:0: [sdb] Incomplete mode parameter data
[   13.770573] sd 2:0:1:0: [sdb] Assuming drive cache: write through
[   13.797802] sd 2:0:1:0: [sdb] Attached SCSI disk
[   14.472432] floppy0: no floppy controllers found
Begin: Loading e[   16.110291] md: linear personality registered for level -1
ssential drivers[   16.168976] md: multipath personality registered for level -4
 ... [   16.253484] md: raid0 personality registered for level 0
[   16.339787] md: raid1 personality registered for level 1
[   16.480082] raid6: sse2x1   gen()  3831 MB/s
[   16.600033] raid6: sse2x1   xor()  3800 MB/s
[   16.736052] raid6: sse2x2   gen()  6749 MB/s
[   16.920050] raid6: sse2x2   xor()  5524 MB/s
[   17.060135] raid6: sse2x4   gen()  8208 MB/s
[   17.184160] raid6: sse2x4   xor()  3572 MB/s
[   17.186325] raid6: using algorithm sse2x4 gen() 8208 MB/s
[   17.189416] raid6: .... xor() 3572 MB/s, rmw enabled
[   17.191655] raid6: using ssse3x2 recovery algorithm
[   17.196453] xor: automatically using best checksumming function:
[   17.276063]    avx       :  7678.000 MB/sec
[   17.289220] async_tx: api initialized (async)
[   17.306018] md: raid6 personality registered for level 6
[   17.318970] md: raid5 personality registered for level 5
[   17.351687] md: raid4 personality registered for level 4
[   17.365298] md: raid10 personality registered for level 10
done.
Begin: Running /scripts/init-premount ... done.
Begin: Mounting root file system ... Begin: Running /scripts/local-top ... done.
Begin: Running /scripts/local-premount ... [   17.427105] Btrfs loaded
Scanning for Btrfs filesystems
done.
Warning: fsck no[   17.586005] EXT4-fs (sda1): INFO: recovery required on readonly filesystem
t present, so sk[   17.645902] EXT4-fs (sda1): write access will be enabled during recovery
ipping root file system
[   17.867849] EXT4-fs (sda1): orphan cleanup on readonly fs
[   18.082795] EXT4-fs (sda1): 17 orphan inodes deleted
[   18.195820] EXT4-fs (sda1): recovery complete
[   18.261874] EXT4-fs (sda1): mounted filesystem with ordered data mode. Opts: (null)
done.
Begin: Running /scripts/local-bottom ... done.
Begin: Running /scripts/init-bottom ... done.
[   18.606622] random: nonblocking pool is initialized
[   19.024257] systemd[1]: systemd 229 running in system mode. (+PAM +AUDIT +SELINUX +IMA +APPARMOR +SMACK +SYSVINIT +UTMP +LIBCRYPTSETUP +GCRYPT +GNUTLS +ACL +XZ -LZ4 +SECCOMP +BLKID +ELFUTILS +KMOD -IDN)
[   19.304255] systemd[1]: Detected virtualization oracle.
[   19.309531] systemd[1]: Detected architecture x86-64.

Welcome to [1mUbuntu 16.04.3 LTS[0m!

[   19.436344] systemd[1]: Set hostname to <dbserver>.
[   20.401830] systemd[1]: Listening on Journal Socket (/dev/log).
[[0;32m  OK  [0m] Listening on Journal Socket (/dev/log).
[   20.584500] systemd[1]: Listening on Syslog Socket.
[[0;32m  OK  [0m] Listening on Syslog Socket.
[   20.756390] systemd[1]: Listening on /dev/initctl Compatibility Named Pipe.
[[0;32m  OK  [0m] Listening on /dev/initctl Compatibility Named Pipe.
[   20.772421] systemd[1]: Reached target User and Group Name Lookups.
[[0;32m  OK  [0m] Reached target User and Group Name Lookups.
[   20.893129] systemd[1]: Created slice System Slice.
[[0;32m  OK  [0m] Created slice System Slice.
[   21.025228] systemd[1]: Created slice system-serial\x2dgetty.slice.
[[0;32m  OK  [0m] Created slice system-serial\x2dgetty.slice.
[   21.084385] systemd[1]: Reached target Swap.
[[0;32m  OK  [0m] Reached target Swap.
[   21.228451] systemd[1]: Listening on LVM2 poll daemon socket.
[[0;32m  OK  [0m] Listening on LVM2 poll daemon socket.
[   21.397839] systemd[1]: Reached target Encrypted Volumes.
[[0;32m  OK  [0m] Reached target Encrypted Volumes.
[   21.488757] systemd[1]: Set up automount Arbitrary Executable File Formats File System Automount Point.
[[0;32m  OK  [0m] Set up automount Arbitrary Executab...ats File System Automount Point.
[   21.668894] systemd[1]: Created slice User and Session Slice.
[[0;32m  OK  [0m] Created slice User and Session Slice.
[   21.772413] systemd[1]: Reached target Slices.
[[0;32m  OK  [0m] Reached target Slices.
[   21.916495] systemd[1]: Listening on udev Control Socket.
[[0;32m  OK  [0m] Listening on udev Control Socket.
[   22.068450] systemd[1]: Listening on Journal Audit Socket.
[[0;32m  OK  [0m] Listening on Journal Audit Socket.
[   22.210312] systemd[1]: Started Trigger resolvconf update for networkd DNS.
[[0;32m  OK  [0m] Started Trigger resolvconf update for networkd DNS.
[   22.284512] systemd[1]: Listening on Journal Socket.
[[0;32m  OK  [0m] Listening on Journal Socket.
[   22.440243] systemd[1]: Mounting Huge Pages File System...
         Mounting Huge Pages File System...
[   22.560728] systemd[1]: Starting Remount Root and Kernel File Systems...
         [   22.650886] EXT4-fs (sda1): re-mounted. Opts: (null)
Starting Remount Root and Kernel File Systems...
[   22.848716] systemd[1]: Mounting Debug File System...
         Mounting Debug File System...
[   23.052346] systemd[1]: Mounting POSIX Message Queue File System...
         Mounting POSIX Message Queue File System...
[   23.284459] systemd[1]: Starting Uncomplicated firewall...
         Starting Uncomplicated firewall...
[   23.434124] systemd[1]: Starting Create list of required static device nodes for the current kernel...
         Starting Create list of required st... nodes for the current kernel...
[   23.541839] systemd[1]: Starting Set console keymap...
         Starting Set console keymap...
[   23.724515] systemd[1]: Starting Load Kernel Modules...
         Starting Load Kernel Modules...
[   23.794175] Loading iSCSI transport class v2.0-870.
[   23.797885] systemd[1]: Starting Journal Service...
         Starting Journal Service...
[   23.850829] iscsi: registered transport (tcp)
[   23.872327] systemd[1]: Starting Nameserver information manager...
         Starting Nameserver information manager...
[   23.955579] systemd[1]: Listening on udev Kernel Socket.
[[0;32m  OK  [0m] Listening on udev Kernel Sock[   24.011604] iscsi: registered transport (iser)
et.
[   24.212487] systemd[1]: Listening on LVM2 metadata daemon socket.
[[0;32m  OK  [0m] Listening on LVM2 metadata daemon socket.
[   24.316469] systemd[1]: Listening on Device-mapper event daemon FIFOs.
[[0;32m  OK  [0m] Listening on Device-mapper event daemon FIFOs.
[   24.468614] systemd[1]: Starting Monitoring of LVM2 mirrors, snapshots etc. using dmeventd or progress polling...
         Starting Monitoring of LVM2 mirrors... dmeventd or progress polling...
[   24.607237] systemd[1]: Started Forward Password Requests to Wall Directory Watch.
[[0;32m  OK  [0m] Started Forward Password Requests to Wall Directory Watch.
[   24.834093] systemd[1]: Mounted POSIX Message Queue File System.
[[0;32m  OK  [0m] Mounted POSIX Message Queue File System.
[   24.886580] systemd[1]: Mounted Huge Pages File System.
[[0;32m  OK  [0m] Mounted Huge Pages File System.
[   24.944862] systemd[1]: Mounted Debug File System.
[[0;32m  OK  [0m] Mounted Debug File System.
[   25.044800] systemd[1]: Started Journal Service.
[[0;32m  OK  [0m] Started Journal Service.
[[0;32m  OK  [0m] Started Remount Root and Kernel File Systems.
[[0;32m  OK  [0m] Started Uncomplicated firewall.
[[0;32m  OK  [0m] Started Create list of required sta...ce nodes for the current kernel.
[[0;32m  OK  [0m] Started Set console keymap.
[[0;32m  OK  [0m] Started Load Kernel Modules.
[[0;32m  OK  [0m] Started Nameserver information manager.
[[0;32m  OK  [0m] Started LVM2 metadata daemon.
         Mounting FUSE Control File System...
         Starting Apply Kernel Variables...
         Starting Create Static Device Nodes in /dev...
         Starting Load/Save Random Seed...
         Starting udev Coldplug all Devices...
         Starting Initial cloud-init job (pre-networking)...
         Starting Flush Journal to Persistent Storage...
[[0;32m  OK  [0m] Mounted FUSE Control File System.
[[0;32m  OK  [0m] Started Monitoring of LVM2 mirrors,...ng dmeventd or progress polling.
[[0;32m  OK  [0m] Started Apply Kernel Variables.
[[0;32m  OK  [0m] Started Create Static Device Nodes in /dev.
[[0;32m  OK  [0m] Started Load/Save Random Seed.
[[0;32m  OK  [0m] Started udev Coldplug all Devices.
         Starting udev Kernel Device Manager...
[[0;32m  OK  [0m] Started Flush Journal to Persistent Storage.
[[0;32m  OK  [0m] Started udev Kernel Device Manager.
[[0;32m  OK  [0m] Reached target Local File Systems (Pre).
[[0;32m  OK  [0m] Reached target Local File Systems.
         Starting Create Volatile Files and Directories...
         Starting Set console font and keymap...
         Starting Tell Plymouth To Write Out Runtime Data...
         Starting LSB: AppArmor initialization...
[[0;32m  OK  [0m] Started Dispatch Password Requests to Console Directory Watch.
[[0;32m  OK  [0m] Started Tell Plymouth To Write Out Runtime Data.
[[0;32m  OK  [0m] Found device /dev/ttyS0.
[[0;32m  OK  [0m] Started Create Volatile Files and Directories.
[[0;32m  OK  [0m] Reached target System Time Synchronized.
         Starting Update UTMP about System Boot/Shutdown...
[[0;32m  OK  [0m] Started Update UTMP about System Boot/Shutdown.
[[0;32m  OK  [0m] Found device 82540EM Gigabit Ethern...r (PRO/1000 MT Desktop Adapter).
[[0;32m  OK  [0m] Found device 82540EM Gigabit Ethern...r (PRO/1000 MT Desktop Adapter).
[[0;32m  OK  [0m] Started Set console font and keymap.
[[0;32m  OK  [0m] Created slice system-getty.slice.
[[0;32m  OK  [0m] Listening on Load/Save RF Kill Switch Status /dev/rfkill Watch.
[[0;32m  OK  [0m] Started LSB: AppArmor initialization.
[   32.154210] cloud-init[463]: Cloud-init v. 17.1 running 'init-local' at Thu, 25 Jan 2018 12:12:24 +0000. Up 31.40 seconds.
[[0;32m  OK  [0m] Started Initial cloud-init job (pre-networking).
[[0;32m  OK  [0m] Reached target Network (Pre).
[[0;32m  OK  [0m] Started ifup for enp0s8.
         Starting Raise network interfaces...
[[0;32m  OK  [0m] Started ifup for enp0s3.
[[0;32m  OK  [0m] Started Raise network interfaces.
         Starting Initial cloud-init job (metadata service crawler)...
[[0;32m  OK  [0m] Reached target Network.
[   34.246100] cloud-init[1063]: Cloud-init v. 17.1 running 'init' at Thu, 25 Jan 2018 12:12:26 +0000. Up 33.35 seconds.
[   34.368701] cloud-init[1063]: ci-info: ++++++++++++++++++++++++++++++++++++++Net device info++++++++++++++++++++++++++++++++++++++
[   34.368913] cloud-init[1063]: ci-info: +--------+------+-----------------------------+---------------+-------+-------------------+
[[0;32m  OK  [0m] Started Initial cloud-init job (metadata service crawler).
[   34.369079] cloud-init[1063]: ci-info: | Device |  Up  |           Address           |      Mask     | Scope |     Hw-Address    |
[   34.816607] cloud-init[1063]: [ci-info: +--------+------+-----------------------------+---------------+-------+-------------------+[0;32m  OK  [0m
] Reached target Network is Online.
[   34.817405] cloud-init[1063]: ci-info: | enp0s3 | True |          10.0.2.15          | 255.255.255.0 |   .   | 02:38:07:4c:82:85 |
[   35.088475] cloud-init[1063]: ci-info: | enp0s3 | True |  fe80::38:7ff:fe4c:8285/64  |       .       |  link | 02:38:07:4c:82:85 |
         Starting iSCSI initiator daemon (iscsid)...
[[   35.089244] cloud-init[1063]: ci-info: | enp0s8 | True |         10.10.10.10         | 255.255.255.0 |   .   | 08:00:27:62:34:ab |
[0;32m  OK  [0m] Reached target System Initialization.
[[   35.249226] cloud-init[1063]: ci-info: | enp0s8 | True | fe80::a00:27ff:fe62:34ab/64 |       .       |  link | 08:00:27:62:34:ab |
[   35.420091] cloud-init[1063]: ci-info: |   lo   | True |          127.0.0.1          |   255.0.0.0   |   .   |         .         |[0;32m  OK  [0m
] Listening on ACPID Listen Socket.
[   35.420165] cloud-init[1063]: ci-info: |   lo   | True |           ::1/128           |       .       |  host |         .         |
[   35.772425] cloud-init[1063]: ci-info: +--------+------+-----------------------------+---------------+-------+-------------------+
[   35.772670] cloud-init[1063]: ci-info: +++++++++++++++++++++++++++Route IPv4 info++++++++++++++++++++++++++++
[[0;32m  OK  [0m] Started Timer to automatically refresh installed snaps.
[[0;32m  OK  [0m] Started Daily apt download activities.
[[   35.772772] cloud-init[1063]: ci-info: +-------+-------------+----------+---------------+-----------+-------+
[   36.081160] cloud-init[1063]: ci-info: | Route | Destination | Gateway  |    Genmask    | Interface | Flags |
[0;32m  OK  [0m] Started Daily Cleanup of Temporary Directories.
[   36.081271] cloud-init[1063]: ci-info: +-------+-------------+----------+---------------+-----------+-------+
[   36.400645] cloud-init[1063]: ci-info: |   0   |   0.0.0.0   | 10.0.2.2 |    0.0.0.0    |   enp0s3  |   UG  |
[   36.401037] cloud-init[1063]: [ci-info: |   1   |   10.0.2.0  | 0.0.0.0  | 255.255.255.0 |   enp0s3  |   U   |[0;32m  OK  [0m
] Started ACPI Events Check.
[   36.401798] cloud-init[1063]: ci-info: |   2   |  10.10.10.0 | 0.0.0.0  | 255.255.255.0 |   enp0s8  |   U   |
[   36.696593] cloud-init[1063]: ci-info: +-------+-------------+----------+---------------+-----------+-------+
[[0;32m  OK  [0m] Reached target Paths.
[[0;32m  OK  [0m] Started Daily apt upgrade and clean activities.
[[0;32m  OK  [0m] Reached target Timers.
[[0;32m  OK  [0m] Listening on D-Bus System Message Bus Socket.
[[0;32m  OK  [0m] Listening on UUID daemon activation socket.
         Starting Socket activation for snappy daemon.
         Starting LXD - unix socket.
[[0;32m  OK  [0m] Reached target Cloud-config availability.
[[0;32m  OK  [0m] Listening on Socket activation for snappy daemon.
[[0;32m  OK  [0m] Listening on LXD - unix socket.
[[0;32m  OK  [0m] Started iSCSI initiator daemon (iscsid).
         Starting Login to default iSCSI targets...
[[0;32m  OK  [0m] Reached target Sockets.
[[0;32m  OK  [0m] Reached target Basic System.
         Starting Login Service...
[[0;32m  OK  [0m] Started High-performance, schema-free document-oriented database.
         Starting Accounts Service...
         Starting Pollinate to seed the pseudo random number generator...
[[0;32m  OK  [0m] Started ACPI event daemon.
         Starting /etc/rc.local Compatibility...
         Starting LXD - container startup/shutdown...
[[0;32m  OK  [0m] Started Regular background program processing daemon.
         Starting LSB: MD monitoring daemon...
[[0;32m  OK  [0m] Started Unattended Upgrades Shutdown.
[[0;32m  OK  [0m] Started FUSE filesystem for LXC.
[[0;32m  OK  [0m] Started D-Bus System Message Bus.
         Starting LSB: Record successful boot for GRUB...
         Starting System Logging Service...
[[0;32m  OK  [0m] Started Deferred execution scheduler.
         Starting Apply the settings specified in cloud-config...
         Starting Snappy daemon...
[[0;32m  OK  [0m] Started /etc/rc.local Compatibility.
[[0;32m  OK  [0m] Started System Logging Service.
[[0;32m  OK  [0m] Started LSB: Record successful boot for GRUB.
[[0;32m  OK  [0m] Started Login to default iSCSI targets.
[[0;32m  OK  [0m] Started Login Service.
[[0;32m  OK  [0m] Started LSB: MD monitoring daemon.
[[0;32m  OK  [0m] Reached target Remote File Systems (Pre).
[[0;32m  OK  [0m] Reached target Remote File Systems.
         Starting LSB: Set the CPU Frequency Scaling governor to "ondemand"...
         Starting LSB: VirtualBox Linux Additions...
         Starting LSB: automatic crash report generation...
         Starting Permit User Sessions...
         Starting LSB: daemon to balance interrupts for SMP systems...
         Starting Authenticate and Authorize Users to Run Privileged Tasks...
[[0;32m  OK  [0m] Started Permit User Sessions.
[[0;32m  OK  [0m] Started LSB: Set the CPU Frequency Scaling governor to "ondemand".
         Starting Hold until boot process finishes up...
[   40.579834] cloud-init[1206]: Cloud-init v. 17.1 running 'modules:config' at Thu, 25 Jan 2018 12:12:33 +0000. Up 39.97 seconds.
         Starting Terminate Plymouth Boot Screen...
[[0;32m  OK  [0m] Started LSB: daemon to balance interrupts for SMP systems.
[[0;32m  OK  [0m] Started Hold until boot process finishes up.
[[0;32m  OK  [0m] Started Pollinate to seed the pseudo random number generator.
[[0;32m  OK  [0m] Started Apply the settings specified in cloud-config.
[[0;32m  OK  [0m] Started Terminate Plymouth Boot Screen.
[[0;32m  OK  [0m] Started Authenticate and Authorize Users to Run Privileged Tasks.
[[0;32m  OK  [0m] Started Accounts Service.
         Starting OpenBSD Secure Shell server...
[[0;32m  OK  [0m] Started Getty on tty1.
         Starting Set console scheme...
[[0;32m  OK  [0m] Started Serial Getty on ttyS0.
[[0;32m  OK  [0m] Reached target Login Prompts.
[[0;32m  OK  [0m] Started LSB: automatic crash report generation.
[[0;32m  OK  [0m] Started Set console scheme.
[[0;32m  OK  [0m] Started LSB: VirtualBox Linux Additions.
[[0;32m  OK  [0m] Started LXD - container startup/shutdown.
[[0;32m  OK  [0m] Started OpenBSD Secure Shell server.
[[0;32m  OK  [0m] Started Snappy daemon.
[[0;32m  OK  [0m] Reached target Multi-User System.
         Starting Execute cloud user/final scripts...
[[0;32m  OK  [0m] Reached target Graphical Interface.
         Starting Update UTMP about System Runlevel Changes...
[[0;32m  OK  [0m] Started Update UTMP about System Runlevel Changes.
[[0;32m  OK  [0m] Created slice User Slice of vagrant.
         Starting User Manager for UID 1000...
[[0;32m  OK  [0m] Started Session 1 of user vagrant.
[[0;32m  OK  [0m] Started User Manager for UID 1000.
[   43.685613] cloud-init[1349]: Cloud-init v. 17.1 running 'modules:final' at Thu, 25 Jan 2018 12:12:36 +0000. Up 43.00 seconds.
[   43.692170] cloud-init[1349]: Cloud-init v. 17.1 finished at Thu, 25 Jan 2018 12:12:37 +0000. Datasource DataSourceNoCloud [seed=/dev/sdb][dsmode=net].  Up 43.67 seconds
[[0;32m  OK  [0m] Started Execute cloud user/final scripts.
[[0;32m  OK  [0m] Reached target Cloud-init target.
         Starting Daily apt download activities...

Ubuntu 16.04.3 LTS dbserver ttyS0

dbserver login: 