[    0.000000] Initializing cgroup subsys cpuset
[    0.000000] Initializing cgroup subsys cpu
[    0.000000] Initializing cgroup subsys cpuacct
[    0.000000] Linux version 4.4.0-109-generic (buildd@lgw01-amd64-038) (gcc version 5.4.0 20160609 (Ubuntu 5.4.0-6ubuntu1~16.04.5) ) #132-Ubuntu SMP Tue Jan 9 19:52:39 UTC 2018 (Ubuntu 4.4.0-109.132-generic 4.4.98)
[    0.000000] Command line: BOOT_IMAGE=/boot/vmlinuz-4.4.0-109-generic root=LABEL=cloudimg-rootfs ro console=tty1 console=ttyS0
[    0.000000] KERNEL supported cpus:
[    0.000000]   Intel GenuineIntel
[    0.000000]   AMD AuthenticAMD
[    0.000000]   Centaur CentaurHauls
[    0.000000] x86/fpu: xstate_offset[2]:  576, xstate_sizes[2]:  256
[    0.000000] x86/fpu: Supporting XSAVE feature 0x01: 'x87 floating point registers'
[    0.000000] x86/fpu: Supporting XSAVE feature 0x02: 'SSE registers'
[    0.000000] x86/fpu: Supporting XSAVE feature 0x04: 'AVX registers'
[    0.000000] x86/fpu: Enabled xstate features 0x7, context size is 832 bytes, using 'standard' format.
[    0.000000] x86/fpu: Using 'lazy' FPU context switches.
[    0.000000] e820: BIOS-provided physical RAM map:
[    0.000000] BIOS-e820: [mem 0x0000000000000000-0x000000000009fbff] usable
[    0.000000] BIOS-e820: [mem 0x000000000009fc00-0x000000000009ffff] reserved
[    0.000000] BIOS-e820: [mem 0x00000000000f0000-0x00000000000fffff] reserved
[    0.000000] BIOS-e820: [mem 0x0000000000100000-0x000000001ffeffff] usable
[    0.000000] BIOS-e820: [mem 0x000000001fff0000-0x000000001fffffff] ACPI data
[    0.000000] BIOS-e820: [mem 0x00000000fec00000-0x00000000fec00fff] reserved
[    0.000000] BIOS-e820: [mem 0x00000000fee00000-0x00000000fee00fff] reserved
[    0.000000] BIOS-e820: [mem 0x00000000fffc0000-0x00000000ffffffff] reserved
[    0.000000] NX (Execute Disable) protection: active
[    0.000000] SMBIOS 2.5 present.
[    0.000000] Hypervisor detected: KVM
[    0.000000] Kernel/User page tables isolation: disabled
[    0.000000] e820: last_pfn = 0x1fff0 max_arch_pfn = 0x400000000
[    0.000000] MTRR: Disabled
[    0.000000] x86/PAT: MTRRs disabled, skipping PAT initialization too.
[    0.000000] CPU MTRRs all blank - virtualized system.
[    0.000000] x86/PAT: Configuration [0-7]: WB  WT  UC- UC  WB  WT  UC- UC  
[    0.000000] found SMP MP-table at [mem 0x0009fff0-0x0009ffff] mapped at [ffff88000009fff0]
[    0.000000] Scanning 1 areas for low memory corruption
[    0.000000] RAMDISK: [mem 0x1edb6000-0x1f83ffff]
[    0.000000] ACPI: Early table checksum verification disabled
[    0.000000] ACPI: RSDP 0x00000000000E0000 000024 (v02 VBOX  )
[    0.000000] ACPI: XSDT 0x000000001FFF0030 00003C (v01 VBOX   VBOXXSDT 00000001 ASL  00000061)
[    0.000000] ACPI: FACP 0x000000001FFF00F0 0000F4 (v04 VBOX   VBOXFACP 00000001 ASL  00000061)
[    0.000000] ACPI: DSDT 0x000000001FFF0470 0021FF (v02 VBOX   VBOXBIOS 00000002 INTL 20160108)
[    0.000000] ACPI: FACS 0x000000001FFF0200 000040
[    0.000000] ACPI: FACS 0x000000001FFF0200 000040
[    0.000000] ACPI: APIC 0x000000001FFF0240 00005C (v02 VBOX   VBOXAPIC 00000001 ASL  00000061)
[    0.000000] ACPI: SSDT 0x000000001FFF02A0 0001CC (v01 VBOX   VBOXCPUT 00000002 INTL 20160108)
[    0.000000] No NUMA configuration found
[    0.000000] Faking a node at [mem 0x0000000000000000-0x000000001ffeffff]
[    0.000000] NODE_DATA(0) allocated [mem 0x1ffeb000-0x1ffeffff]
[    0.000000] kvm-clock: Using msrs 4b564d01 and 4b564d00
[    0.000000] kvm-clock: cpu 0, msr 0:1ffe3001, primary cpu clock
[    0.000000] kvm-clock: using sched offset of 3302585868 cycles
[    0.000000] clocksource: kvm-clock: mask: 0xffffffffffffffff max_cycles: 0x1cd42e4dffb, max_idle_ns: 881590591483 ns
[    0.000000] Zone ranges:
[    0.000000]   DMA      [mem 0x0000000000001000-0x0000000000ffffff]
[    0.000000]   DMA32    [mem 0x0000000001000000-0x000000001ffeffff]
[    0.000000]   Normal   empty
[    0.000000]   Device   empty
[    0.000000] Movable zone start for each node
[    0.000000] Early memory node ranges
[    0.000000]   node   0: [mem 0x0000000000001000-0x000000000009efff]
[    0.000000]   node   0: [mem 0x0000000000100000-0x000000001ffeffff]
[    0.000000] Initmem setup node 0 [mem 0x0000000000001000-0x000000001ffeffff]
[    0.000000] ACPI: PM-Timer IO Port: 0x4008
[    0.000000] IOAPIC[0]: apic_id 2, version 32, address 0xfec00000, GSI 0-23
[    0.000000] ACPI: INT_SRC_OVR (bus 0 bus_irq 0 global_irq 2 dfl dfl)
[    0.000000] ACPI: INT_SRC_OVR (bus 0 bus_irq 9 global_irq 9 high level)
[    0.000000] Using ACPI (MADT) for SMP configuration information
[    0.000000] smpboot: Allowing 2 CPUs, 0 hotplug CPUs
[    0.000000] PM: Registered nosave memory: [mem 0x00000000-0x00000fff]
[    0.000000] PM: Registered nosave memory: [mem 0x0009f000-0x0009ffff]
[    0.000000] PM: Registered nosave memory: [mem 0x000a0000-0x000effff]
[    0.000000] PM: Registered nosave memory: [mem 0x000f0000-0x000fffff]
[    0.000000] e820: [mem 0x20000000-0xfebfffff] available for PCI devices
[    0.000000] Booting paravirtualized kernel on KVM
[    0.000000] clocksource: refined-jiffies: mask: 0xffffffff max_cycles: 0xffffffff, max_idle_ns: 7645519600211568 ns
[    0.000000] setup_percpu: NR_CPUS:512 nr_cpumask_bits:512 nr_cpu_ids:2 nr_node_ids:1
[    0.000000] PERCPU: Embedded 34 pages/cpu @ffff88001fc00000 s99544 r8192 d31528 u1048576
[    0.000000] PV qspinlock hash table entries: 256 (order: 0, 4096 bytes)
[    0.000000] Built 1 zonelists in Node order, mobility grouping on.  Total pages: 128889
[    0.000000] Policy zone: DMA32
[    0.000000] Kernel command line: BOOT_IMAGE=/boot/vmlinuz-4.4.0-109-generic root=LABEL=cloudimg-rootfs ro console=tty1 console=ttyS0
[    0.000000] PID hash table entries: 2048 (order: 2, 16384 bytes)
[    0.000000] Memory: 485660K/523832K available (8485K kernel code, 1308K rwdata, 3988K rodata, 1508K init, 1316K bss, 38172K reserved, 0K cma-reserved)
[    0.000000] SLUB: HWalign=64, Order=0-3, MinObjects=0, CPUs=2, Nodes=1
[    0.000000] Hierarchical RCU implementation.
[    0.000000] 	Build-time adjustment of leaf fanout to 64.
[    0.000000] 	RCU restricting CPUs from NR_CPUS=512 to nr_cpu_ids=2.
[    0.000000] RCU: Adjusting geometry for rcu_fanout_leaf=64, nr_cpu_ids=2
[    0.000000] NR_IRQS:33024 nr_irqs:440 16
[    0.000000] Console: colour VGA+ 80x25
[    0.000000] console [tty1] enabled
[    0.000000] console [ttyS0] enabled
[    0.000000] tsc: Detected 3094.372 MHz processor
[    0.000000] tsc: Marking TSC unstable due to TSCs unsynchronized
[    0.004000] Calibrating delay loop (skipped) preset value.. 6188.74 BogoMIPS (lpj=12377488)
[    0.005529] pid_max: default: 32768 minimum: 301
[    0.008028] ACPI: Core revision 20150930
[    0.010822] ACPI: 2 ACPI AML tables successfully acquired and loaded
[    0.013823] Security Framework initialized
[    0.015392] Yama: becoming mindful.
[    0.016042] AppArmor: AppArmor initialized
[    0.020134] Dentry cache hash table entries: 65536 (order: 7, 524288 bytes)
[    0.024194] Inode-cache hash table entries: 32768 (order: 6, 262144 bytes)
[    0.026801] Mount-cache hash table entries: 1024 (order: 1, 8192 bytes)
[    0.028028] Mountpoint-cache hash table entries: 1024 (order: 1, 8192 bytes)
[    0.032283] Initializing cgroup subsys io
[    0.036014] Initializing cgroup subsys memory
[    0.040038] Initializing cgroup subsys devices
[    0.044024] Initializing cgroup subsys freezer
[    0.048031] Initializing cgroup subsys net_cls
[    0.052025] Initializing cgroup subsys perf_event
[    0.056027] Initializing cgroup subsys net_prio
[    0.060034] Initializing cgroup subsys hugetlb
[    0.064020] Initializing cgroup subsys pids
[    0.068173] CPU: Physical Processor ID: 0
[    0.072015] CPU: Processor Core ID: 0
[    0.076020] mce: CPU supports 0 MCE banks
[    0.080042] Last level iTLB entries: 4KB 512, 2MB 1024, 4MB 512
[    0.082085] Last level dTLB entries: 4KB 1024, 2MB 1024, 4MB 512, 1GB 0
[    0.088746] Freeing SMP alternatives memory: 32K
[    0.103863] ftrace: allocating 32171 entries in 126 pages
[    0.116219] smpboot: APIC(0) Converting physical 0 to logical package 0
[    0.120020] smpboot: Max logical packages: 1
[    0.124433] x2apic enabled
[    0.126000] Switched APIC routing to physical x2apic.
[    0.133203] ..TIMER: vector=0x30 apic1=0 pin1=2 apic2=-1 pin2=-1
[    0.140000] smpboot: CPU0: AMD A8-7600 Radeon R7, 10 Compute Cores 4C+6G (family: 0x15, model: 0x30, stepping: 0x1)
[    0.144923] Performance Events: Broken PMU hardware detected, using software events only.
[    0.148017] Failed to access perfctr msr (MSR c0010007 is 0)
[    0.150032] KVM setup paravirtual spinlock
[    0.153068] x86: Booting SMP configuration:
[    0.154707] .... node  #0, CPUs:      #1
[    0.004000] kvm-clock: cpu 1, msr 0:1ffe3041, secondary cpu clock
[    0.004000] mce: CPU supports 0 MCE banks
[    0.164965] x86: Booted up 1 node, 2 CPUs
[    0.166910] smpboot: Total of 2 processors activated (12377.48 BogoMIPS)
[    0.169018] devtmpfs: initialized
[    0.174786] evm: security.selinux
[    0.176013] evm: security.SMACK64
[    0.177364] evm: security.SMACK64EXEC
[    0.180012] evm: security.SMACK64TRANSMUTE
[    0.181648] evm: security.SMACK64MMAP
[    0.184007] evm: security.ima
[    0.185223] evm: security.capability
[    0.188372] clocksource: jiffies: mask: 0xffffffff max_cycles: 0xffffffff, max_idle_ns: 7645041785100000 ns
[    0.192306] futex hash table entries: 512 (order: 3, 32768 bytes)
[    0.200274] pinctrl core: initialized pinctrl subsystem
[    0.204219] RTC time: 12:26:49, date: 01/25/18
[    0.208338] NET: Registered protocol family 16
[    0.220025] cpuidle: using governor ladder
[    0.236017] cpuidle: using governor menu
[    0.240034] PCCT header not found.
[    0.244350] ACPI: bus type PCI registered
[    0.248015] acpiphp: ACPI Hot Plug PCI Controller Driver version: 0.5
[    0.252175] PCI: Using configuration type 1 for base access
[    0.256015] PCI: Using configuration type 1 for extended access
[    0.272237] ACPI: Added _OSI(Module Device)
[    0.276047] ACPI: Added _OSI(Processor Device)
[    0.284015] ACPI: Added _OSI(3.0 _SCP Extensions)
[    0.285689] ACPI: Added _OSI(Processor Aggregator Device)
[    0.288881] ACPI: Executed 1 blocks of module-level executable AML code
[    0.293987] ACPI: Interpreter enabled
[    0.295459] ACPI: (supports S0 S5)
[    0.296006] ACPI: Using IOAPIC for interrupt routing
[    0.300285] PCI: Using host bridge windows from ACPI; if necessary, use "pci=nocrs" and report a bug
[    0.308617] ACPI: PCI Root Bridge [PCI0] (domain 0000 [bus 00-ff])
[    0.312029] acpi PNP0A03:00: _OSC: OS supports [ExtendedConfig ASPM ClockPM Segments MSI]
[    0.316099] acpi PNP0A03:00: _OSC: OS now controls [PCIeHotplug PME AER PCIeCapability]
[    0.320374] PCI host bridge to bus 0000:00
[    0.321826] pci_bus 0000:00: root bus resource [io  0x0000-0x0cf7 window]
[    0.324009] pci_bus 0000:00: root bus resource [io  0x0d00-0xffff window]
[    0.326227] pci_bus 0000:00: root bus resource [mem 0x000a0000-0x000bffff window]
[    0.328021] pci_bus 0000:00: root bus resource [mem 0x20000000-0xffdfffff window]
[    0.332012] pci_bus 0000:00: root bus resource [bus 00-ff]
[    0.337650] pci 0000:00:01.1: legacy IDE quirk: reg 0x10: [io  0x01f0-0x01f7]
[    0.340010] pci 0000:00:01.1: legacy IDE quirk: reg 0x14: [io  0x03f6]
[    0.342245] pci 0000:00:01.1: legacy IDE quirk: reg 0x18: [io  0x0170-0x0177]
[    0.344017] pci 0000:00:01.1: legacy IDE quirk: reg 0x1c: [io  0x0376]
[    0.376089] pci 0000:00:07.0: quirk: [io  0x4000-0x403f] claimed by PIIX4 ACPI
[    0.380039] pci 0000:00:07.0: quirk: [io  0x4100-0x410f] claimed by PIIX4 SMB
[    0.394886] ACPI: PCI Interrupt Link [LNKA] (IRQs 5 9 10 *11)
[    0.404703] ACPI: PCI Interrupt Link [LNKB] (IRQs 5 9 10 *11)
[    0.419118] ACPI: PCI Interrupt Link [LNKC] (IRQs 5 9 *10 11)
[    0.432575] ACPI: PCI Interrupt Link [LNKD] (IRQs 5 *9 10 11)
[    0.442819] ACPI: Enabled 2 GPEs in block 00 to 07
[    0.444317] vgaarb: setting as boot device: PCI:0000:00:02.0
[    0.448000] vgaarb: device added: PCI:0000:00:02.0,decodes=io+mem,owns=io+mem,locks=none
[    0.448017] vgaarb: loaded
[    0.452013] vgaarb: bridge control possible 0000:00:02.0
[    0.456576] SCSI subsystem initialized
[    0.464140] ACPI: bus type USB registered
[    0.468082] usbcore: registered new interface driver usbfs
[    0.472057] usbcore: registered new interface driver hub
[    0.474200] usbcore: registered new device driver usb
[    0.476200] PCI: Using ACPI for IRQ routing
[    0.478134] NetLabel: Initializing
[    0.480009] NetLabel:  domain hash size = 128
[    0.481628] NetLabel:  protocols = UNLABELED CIPSOv4
[    0.484044] NetLabel:  unlabeled traffic allowed by default
[    0.486092] amd_nb: Cannot enumerate AMD northbridges
[    0.488067] clocksource: Switched to clocksource kvm-clock
[    0.505252] AppArmor: AppArmor Filesystem Enabled
[    0.508112] pnp: PnP ACPI init
[    0.558406] pnp: PnP ACPI: found 3 devices
[    0.577987] clocksource: acpi_pm: mask: 0xffffff max_cycles: 0xffffff, max_idle_ns: 2085701024 ns
[    0.651100] NET: Registered protocol family 2
[    0.712775] TCP established hash table entries: 4096 (order: 3, 32768 bytes)
[    0.868839] TCP bind hash table entries: 4096 (order: 4, 65536 bytes)
[    0.894978] TCP: Hash tables configured (established 4096 bind 4096)
[    0.984100] UDP hash table entries: 256 (order: 1, 8192 bytes)
[    1.108584] UDP-Lite hash table entries: 256 (order: 1, 8192 bytes)
[    1.263029] NET: Registered protocol family 1
[    1.344682] pci 0000:00:00.0: Limiting direct PCI/PCI transfers
[    1.495763] pci 0000:00:01.0: Activating ISA DMA hang workarounds
[    1.554428] Unpacking initramfs...
[    3.864914] Freeing initrd memory: 10792K
[    3.904368] clocksource: tsc: mask: 0xffffffffffffffff max_cycles: 0x2c9a834e092, max_idle_ns: 440795248211 ns
[    3.923185] platform rtc_cmos: registered platform RTC device (no PNP device found)
[    3.931816] Scanning for low memory corruption every 60 seconds
[    3.942958] audit: initializing netlink subsys (disabled)
[    3.950536] audit: type=2000 audit(1516883214.431:1): initialized
[    3.953509] Initialise system trusted keyring
[    3.956579] HugeTLB registered 2 MB page size, pre-allocated 0 pages
[    3.962201] zbud: loaded
[    3.969436] VFS: Disk quotas dquot_6.6.0
[    3.987719] VFS: Dquot-cache hash table entries: 512 (order 0, 4096 bytes)
[    3.993188] squashfs: version 4.0 (2009/01/31) Phillip Lougher
[    4.047636] fuse init (API version 7.23)
[    4.050370] Key type big_key registered
[    4.062251] Allocating IMA MOK and blacklist keyrings.
[    4.082606] Key type asymmetric registered
[    4.084465] Asymmetric key parser 'x509' registered
[    4.086459] Block layer SCSI generic (bsg) driver version 0.4 loaded (major 249)
[    4.090239] io scheduler noop registered
[    4.092382] io scheduler deadline registered (default)
[    4.094459] io scheduler cfq registered
[    4.096322] pci_hotplug: PCI Hot Plug PCI Core version: 0.5
[    4.098597] pciehp: PCI Express Hot Plug Controller Driver version: 0.4
[    4.102832] ACPI: AC Adapter [AC] (on-line)
[    4.104778] input: Power Button as /devices/LNXSYSTM:00/LNXPWRBN:00/input/input0
[    4.108342] ACPI: Power Button [PWRF]
[    4.110039] input: Sleep Button as /devices/LNXSYSTM:00/LNXSLPBN:00/input/input1
[    4.113234] ACPI: Sleep Button [SLPF]
[    4.124230] GHES: HEST is not enabled!
[    4.133908] Serial: 8250/16550 driver, 32 ports, IRQ sharing enabled
[    4.179972] 00:02: ttyS0 at I/O 0x3f8 (irq = 4, base_baud = 115200) is a 16550A
[    4.236759] Linux agpgart interface v0.103
[    4.248098] loop: module loaded
[    4.263753] scsi host0: ata_piix
[    4.310410] scsi host1: ata_piix
[    4.335480] ata1: PATA max UDMA/33 cmd 0x1f0 ctl 0x3f6 bmdma 0xd000 irq 14
[    4.360902] ata2: PATA max UDMA/33 cmd 0x170 ctl 0x376 bmdma 0xd008 irq 15
[    4.363588] libphy: Fixed MDIO Bus: probed
[    4.365327] tun: Universal TUN/TAP device driver, 1.6
[    4.367251] tun: (C) 1999-2004 Max Krasnyansky <maxk@qualcomm.com>
[    4.369996] PPP generic driver version 2.4.2
[    4.372539] ehci_hcd: USB 2.0 'Enhanced' Host Controller (EHCI) Driver
[    4.374995] ehci-pci: EHCI PCI platform driver
[    4.382322] ehci-platform: EHCI generic platform driver
[    4.389705] ohci_hcd: USB 1.1 'Open' Host Controller (OHCI) Driver
[    4.392151] ohci-pci: OHCI PCI platform driver
[    4.393985] ohci-platform: OHCI generic platform driver
[    4.395836] uhci_hcd: USB Universal Host Controller Interface driver
[    4.397947] i8042: PNP: PS/2 Controller [PNP0303:PS2K,PNP0f03:PS2M] at 0x60,0x64 irq 1,12
[    4.402367] serio: i8042 KBD port at 0x60,0x64 irq 1
[    4.442889] serio: i8042 AUX port at 0x60,0x64 irq 12
[    4.445533] mousedev: PS/2 mouse device common for all mice
[    4.460286] input: AT Translated Set 2 keyboard as /devices/platform/i8042/serio0/input/input2
[    4.465061] rtc_cmos rtc_cmos: rtc core: registered rtc_cmos as rtc0
[    4.472844] rtc_cmos rtc_cmos: alarms up to one day, 114 bytes nvram
[    4.475567] i2c /dev entries driver
[    4.477214] device-mapper: uevent: version 1.0.3
[    4.479634] device-mapper: ioctl: 4.34.0-ioctl (2015-10-28) initialised: dm-devel@redhat.com
[    4.483072] ledtrig-cpu: registered to indicate activity on CPUs
[    4.491223] NET: Registered protocol family 10
[    4.499210] NET: Registered protocol family 17
[    4.501319] Key type dns_resolver registered
[    4.503694] microcode: CPU0: patch_level=0x06000626
[    4.593972] microcode: CPU1: patch_level=0x06000626
[    4.602837] microcode: Microcode Update Driver: v2.01 <tigran@aivazian.fsnet.co.uk>, Peter Oruba
[    4.696041] registered taskstats version 1
[    4.736935] Loading compiled-in X.509 certificates
[    4.803734] Loaded X.509 cert 'Build time autogenerated kernel key: 96e61bd247bb6c4e82ca419795a98fcb171b0e99'
[    4.901817] zswap: loaded using pool lzo/zbud
[    4.927008] Key type trusted registered
[    4.955127] Key type encrypted registered
[    4.983521] AppArmor: AppArmor sha1 policy hashing enabled
[    4.988436] ima: No TPM chip found, activating TPM-bypass!
[    5.049207] evm: HMAC attrs: 0x1
[    5.065501]   Magic number: 2:494:431
[    5.102558] rtc_cmos rtc_cmos: setting system clock to 2018-01-25 12:26:56 UTC (1516883216)
[    5.206979] BIOS EDD facility v0.16 2004-Jun-25, 0 devices found
[    5.241449] EDD information not available.
[    5.257350] Freeing unused kernel memory: 1508K
[    5.267643] Write protecting the kernel read-only data: 14336k
[    5.273279] Freeing unused kernel memory: 1744K
[    5.275516] Freeing unused kernel memory: 108K
Loading, please wait...
starting version 229
[    5.322445] random: systemd-udevd: uninitialized urandom read (16 bytes read, 2 bits of entropy available)
[    5.324896] random: udevadm: uninitialized urandom read (16 bytes read, 2 bits of entropy available)
[    5.324936] random: udevadm: uninitialized urandom read (16 bytes read, 2 bits of entropy available)
[    5.346704] random: udevadm: uninitialized urandom read (16 bytes read, 2 bits of entropy available)
[    5.346772] random: udevadm: uninitialized urandom read (16 bytes read, 2 bits of entropy available)
[    5.346983] random: udevadm: uninitialized urandom read (16 bytes read, 2 bits of entropy available)
[    5.347057] random: udevadm: uninitialized urandom read (16 bytes read, 2 bits of entropy available)
[    5.347126] random: udevadm: uninitialized urandom read (16 bytes read, 2 bits of entropy available)
[    5.347196] random: udevadm: uninitialized urandom read (16 bytes read, 2 bits of entropy available)
[    5.349565] random: udevadm: uninitialized urandom read (16 bytes read, 2 bits of entropy available)
[    5.679712] e1000: Intel(R) PRO/1000 Network Driver - version 7.3.21-k8-NAPI
[    5.718446] e1000: Copyright (c) 1999-2006 Intel Corporation.
[    5.746609] Fusion MPT base driver 3.04.20
[    5.774751] Copyright (c) 1999-2008 LSI Corporation
[    5.840211] AVX version of gcm_enc/dec engaged.
[    5.866263] AES CTR mode by8 optimization enabled
[    5.869708] Fusion MPT SPI Host driver 3.04.20
[    6.098576] input: ImExPS/2 Generic Explorer Mouse as /devices/platform/i8042/serio1/input/input4
[    6.182512] e1000 0000:00:03.0 eth0: (PCI:33MHz:32-bit) 02:38:07:4c:82:85
[    6.233825] e1000 0000:00:03.0 eth0: Intel(R) PRO/1000 Network Connection
[    6.237299] mptbase: ioc0: Initiating bringup
[    6.237423] e1000 0000:00:03.0 enp0s3: renamed from eth0
[    6.344372] ioc0: LSI53C1030 A0: Capabilities={Initiator}
[    6.518551] scsi host2: ioc0: LSI53C1030 A0, FwRev=00000000h, Ports=1, MaxQ=256, IRQ=20
[    6.640985] scsi 2:0:0:0: Direct-Access     VBOX     HARDDISK         1.0  PQ: 0 ANSI: 5
[    6.656254] scsi target2:0:0: Beginning Domain Validation
[    6.702120] scsi target2:0:0: Domain Validation skipping write tests
[    6.730382] scsi target2:0:0: Ending Domain Validation
[    6.734705] scsi target2:0:0: asynchronous
[    6.738932] scsi 2:0:1:0: Direct-Access     VBOX     HARDDISK         1.0  PQ: 0 ANSI: 5
[    6.753937] scsi target2:0:1: Beginning Domain Validation
[    6.764565] scsi target2:0:1: Domain Validation skipping write tests
[    6.784077] scsi target2:0:1: Ending Domain Validation
[    6.802279] scsi target2:0:1: asynchronous
[    6.889965] sd 2:0:0:0: [sda] 20971520 512-byte logical blocks: (10.7 GB/10.0 GiB)
[    6.920164] sd 2:0:0:0: [sda] Write Protect is off
[    6.920289] sd 2:0:0:0: Attached scsi generic sg0 type 0
[    6.928892] sd 2:0:0:0: [sda] Incomplete mode parameter data
[    6.930479] sd 2:0:1:0: Attached scsi generic sg1 type 0
[    6.939908] sd 2:0:0:0: [sda] Assuming drive cache: write through
[    6.953265] sd 2:0:1:0: [sdb] 20480 512-byte logical blocks: (10.5 MB/10.0 MiB)
[    7.033457] sd 2:0:1:0: [sdb] Write Protect is off
[    7.050384]  sda: sda1
[    7.051675] sd 2:0:0:0: [sda] Attached SCSI disk
[    7.167762] sd 2:0:1:0: [sdb] Incomplete mode parameter data
[    7.244713] sd 2:0:1:0: [sdb] Assuming drive cache: write through
[    7.280118] sd 2:0:1:0: [sdb] Attached SCSI disk
[    8.892230] floppy0: no floppy controllers found
Begin: Loading e[   10.462470] md: linear personality registered for level -1
ssential drivers[   10.571230] md: multipath personality registered for level -4
 ... [   10.613211] md: raid0 personality registered for level 0
[   10.656625] md: raid1 personality registered for level 1
[   10.760163] raid6: sse2x1   gen()  3991 MB/s
[   10.844033] raid6: sse2x1   xor()  3345 MB/s
[   10.912333] raid6: sse2x2   gen()  6866 MB/s
[   10.992066] raid6: sse2x2   xor()  4527 MB/s
[   11.060048] raid6: sse2x4   gen()  8846 MB/s
[   11.152453] raid6: sse2x4   xor()  3918 MB/s
[   11.154416] raid6: using algorithm sse2x4 gen() 8846 MB/s
[   11.156769] raid6: .... xor() 3918 MB/s, rmw enabled
[   11.159285] raid6: using ssse3x2 recovery algorithm
[   11.199261] xor: automatically using best checksumming function:
[   11.240198]    avx       :  5087.000 MB/sec
[   11.246258] async_tx: api initialized (async)
[   11.282960] md: raid6 personality registered for level 6
[   11.285581] md: raid5 personality registered for level 5
[   11.287860] md: raid4 personality registered for level 4
[   11.305817] md: raid10 personality registered for level 10
done.
Begin: Running /scripts/init-premount ... done.
Begin: Mounting root file system ... Begin: Running /scripts/l[   11.375313] Btrfs loaded
ocal-top ... done.
Begin: Running /scripts/local-premount ... Scanning for Btrfs filesystems
done.
Warning: fsck not present, so skipping root file system
[   11.606801] EXT4-fs (sda1): mounted filesystem with ordered data mode. Opts: (null)
done.
Begin: Running /scripts/local-bottom ... done.
Begin: Running /scripts/init-bottom ... done.
[   12.361376] systemd[1]: systemd 229 running in system mode. (+PAM +AUDIT +SELINUX +IMA +APPARMOR +SMACK +SYSVINIT +UTMP +LIBCRYPTSETUP +GCRYPT +GNUTLS +ACL +XZ -LZ4 +SECCOMP +BLKID +ELFUTILS +KMOD -IDN)
[   12.398315] systemd[1]: Detected virtualization oracle.
[   12.409816] systemd[1]: Detected architecture x86-64.

Welcome to [1mUbuntu 16.04.3 LTS[0m!

[   12.512862] systemd[1]: Set hostname to <ubuntu>.
[   12.547603] systemd[1]: Initializing machine ID from random generator.
[   12.579325] systemd[1]: Installed transient /etc/machine-id file.
[   12.605088] random: nonblocking pool is initialized
[   13.555029] systemd[1]: Listening on Journal Socket.
[[0;32m  OK  [0m] Listening on Journal Socket.
[   13.603791] systemd[1]: Reached target Swap.
[[0;32m  OK  [0m] Reached target Swap.
[   13.633004] systemd[1]: Started Forward Password Requests to Wall Directory Watch.
[[0;32m  OK  [0m] Started Forward Password Requests to Wall Directory Watch.
[   13.674401] systemd[1]: Listening on LVM2 poll daemon socket.
[[0;32m  OK  [0m] Listening on LVM2 poll daemon socket.
[   13.860603] systemd[1]: Set up automount Arbitrary Executable File Formats File System Automount Point.
[[0;32m  OK  [0m] Set up automount Arbitrary Executab...ats File System Automount Point.
[   14.140446] systemd[1]: Listening on LVM2 metadata daemon socket.
[[0;32m  OK  [0m] Listening on LVM2 metadata daemon socket.
[   14.220351] systemd[1]: Reached target User and Group Name Lookups.
[[0;32m  OK  [0m] Reached target User and Group Name Lookups.
[   14.444951] systemd[1]: Created slice User and Session Slice.
[[0;32m  OK  [0m] Created slice User and Session Slice.
[   14.532489] systemd[1]: Listening on Journal Socket (/dev/log).
[[0;32m  OK  [0m] Listening on Journal Socket (/dev/log).
[   14.695907] systemd[1]: Listening on Device-mapper event daemon FIFOs.
[[0;32m  OK  [0m] Listening on Device-mapper event daemon FIFOs.
[   14.701332] systemd[1]: Listening on udev Kernel Socket.
[[0;32m  OK  [0m] Listening on udev Kernel Socket.
[   14.724367] systemd[1]: Reached target Encrypted Volumes.
[[0;32m  OK  [0m] Reached target Encrypted Volumes.
[   14.800697] systemd[1]: Created slice System Slice.
[[0;32m  OK  [0m] Created slice System Slice.
[   14.834108] systemd[1]: Starting Load Kernel Modules...
         Starting Load Kernel Modules...
[   14.841077] systemd[1]: Mounting Debug File System...
         Mounting Debug File System...
[   14.845730] systemd[1]: Starting Create list of required static device nodes for the current kernel...
         Starting Create list of required st... nodes for the current kernel...
[   14.853111] systemd[1]: Created slice system-serial\x2dgetty.slice.
[[0;32m  OK  [0m] Created slice system-serial\x2dgetty.slice.
[   14.858340] systemd[1]: Starting Nameserver information manager...
         Starting Nameserver information manager...
[   14.863458] systemd[1]: Reached target Slices.
[[0;32m  OK  [0m] Reached target Slices.
[   14.869035] systemd[1]: Starting Uncomplicated firewall...
         Starting Uncomplicated firewall...
[   14.876481] systemd[1]: Mounting Huge Pages File System...
         Mounting Huge Pages File System...
[   14.882547] systemd[1]: Starting Remount Root and Kernel File Systems...
         Starting Remount Root and Kernel File Systems...
[   14.892013] systemd[1]: Starting Set console keymap...
         Starting Set console keymap...
[   14.899950] systemd[1]: Starting Monitoring of LVM2 mirrors, snapshots etc. using dmeventd or progress polling...
         Startin[   14.914822] EXT4-fs (sda1): re-mounted. Opts: (null)
g Monitoring of [   14.976301] Loading iSCSI transport class v2.0-870.
LVM2 mirrors... dmeventd or progress polling...
[   15.040279] systemd[1]: Started Trigger resolvconf update for networkd DNS.
[[0;32m  OK  [0m] Started Trigger resolvconf update for networkd DNS.
[   15.058545] systemd[1]: Listening on udev Control Socket.
[[0;32m  OK  [0m] Listening on udev Control Socket.
[   15.087709] systemd[1]: Listening on /dev/initctl Compatibility Named Pipe.
[[0;32m  OK  [0m] Listening on /dev/initctl Compatibility Named Pipe.
[   15.116761] systemd[1]: Mounting POSIX Message Queue File System...
         Mounting POSIX Message Queue File System...
[   15.135426] iscsi: registered transport (tcp)
[   15.135442] systemd[1]: Listening on Syslog Socket.
[[0;32m  OK  [0m] Listening on Syslog Socket.
[   15.154568] systemd[1]: Listening on Journal Audit Socket.
[[0;32m  OK  [0m] Listening on Journal Audit Socket.
[   15.172491] systemd[1]: Starting Journal Service...
         Starting Journal Service...
[   15.289251] systemd[1]: Mounted POSIX Message Queue File System.
[[0;32m  OK  [0m] Mounted POSIX Message Queue F[   15.386241] iscsi: registered transport (iser)
ile System.
[   15.504412] systemd[1]: Mounted Huge Pages File System.
[[0;32m  OK  [0m] Mounted Huge Pages File System.
[   15.529623] systemd[1]: Mounted Debug File System.
[[0;32m  OK  [0m] Mounted Debug File System.
[   15.535732] systemd[1]: Started Journal Service.
[[0;32m  OK  [0m] Started Journal Service.
[[0;32m  OK  [0m] Started Load Kernel Modules.
[[0;32m  OK  [0m] Started Create list of required sta...ce nodes for the current kernel.
[[0;32m  OK  [0m] Started Uncomplicated firewall.
[[0;32m  OK  [0m] Started Remount Root and Kernel File Systems.
[[0;32m  OK  [0m] Started Set console keymap.
[[0;32m  OK  [0m] Started Nameserver information manager.
[[0;32m  OK  [0m] Started LVM2 metadata daemon.
         Starting Load/Save Random Seed...
         Starting Initial cloud-init job (pre-networking)...
         Starting udev Coldplug all Devices...
         Starting Create Static Device Nodes in /dev...
         Mounting FUSE Control File System...
         Starting Apply Kernel Variables...
         Starting Flush Journal to Persistent Storage...
[[0;32m  OK  [0m] Mounted FUSE Control File System.
[[0;32m  OK  [0m] Started Load/Save Random Seed.
[[0;32m  OK  [0m] Started Monitoring of LVM2 mirrors,...ng dmeventd or progress polling.
[[0;32m  OK  [0m] Started Create Static Device Nodes in /dev.
[[0;32m  OK  [0m] Started Apply Kernel Variables.
[[0;32m  OK  [0m] Started udev Coldplug all Devices.
         Starting udev Kernel Device Manager...
[[0;32m  OK  [0m] Started Flush Journal to Persistent Storage.
[[0;32m  OK  [0m] Started udev Kernel Device Manager.
[[0;32m  OK  [0m] Reached target Local File Systems (Pre).
[[0;32m  OK  [0m] Reached target Local File Systems.
         Starting LSB: AppArmor initialization...
         Starting Tell Plymouth To Write Out Runtime Data...
         Starting Create Volatile Files and Directories...
         Starting Commit a transient machine-id on disk...
         Starting Set console font and keymap...
[[0;32m  OK  [0m] Started Dispatch Password Requests to Console Directory Watch.
[[0;32m  OK  [0m] Started Tell Plymouth To Write Out Runtime Data.
[[0;32m  OK  [0m] Started Create Volatile Files and Directories.
[[0;32m  OK  [0m] Started Commit a transient machine-id on disk.
[[0;32m  OK  [0m] Reached target System Time Synchronized.
         Starting Update UTMP about System Boot/Shutdown...
[[0;32m  OK  [0m] Started Update UTMP about System Boot/Shutdown.
[[0;32m  OK  [0m] Found device /dev/ttyS0.
[[0;32m  OK  [0m] Started Set console font and keymap.
[[0;32m  OK  [0m] Listening on Load/Save RF Kill Switch Status /dev/rfkill Watch.
[[0;32m  OK  [0m] Created slice system-getty.slice.
[[0;32m  OK  [0m] Started LSB: AppArmor initialization.
[   23.773850] cloud-init[437]: Cloud-init v. 17.1 running 'init-local' at Thu, 25 Jan 2018 12:27:14 +0000. Up 23.02 seconds.
[[0;32m  OK  [0m] Started Initial cloud-init job (pre-networking).
[[0;32m  OK  [0m] Reached target Network (Pre).
         Starting Raise network interfaces...
[[0;32m  OK  [0m] Started Raise network interfaces.
[[0;32m  OK  [0m] Reached target Network.
         Starting Initial cloud-init job (metadata service crawler)...
[   27.601166] cloud-init[944]: Cloud-init v. 17.1 running 'init' at Thu, 25 Jan 2018 12:27:16 +0000. Up 25.08 seconds.
[   27.628223] cloud-init[944]: ci-info: +++++++++++++++++++++++++++++++++++++Net device info+++++++++++++++++++++++++++++++++++++
[[   27.748915] cloud-init[944]: ci-info: +--------+------+---------------------------+---------------+-------+-------------------+
[0;32m  OK  [0m] Started Initial cloud-init job (metadata service crawler).
[   27.749139] cloud-init[944]: ci-info: | Device |  Up  |          Address          |      Mask     | Scope |     Hw-Address    |
[   28.024604] cloud-init[944]: ci-info: +--------+------+---------------------------+---------------+-------+-------------------+
[[   28.124594] cloud-init[944]: ci-info: | enp0s3 | True |         10.0.2.15         | 255.255.255.0 |   .   | 02:38:07:4c:82:85 |
[   28.124785] cloud-init[944]: ci-info: | enp0s3 | True | fe80::38:7ff:fe4c:8285/64 |       .       |  link | 02:38:07:4c:82:85 |[0;32m  OK  [0m
] Reached target System Initialization.
[[   28.124875] cloud-init[944]: ci-info: |   lo   | True |         127.0.0.1         |   255.0.0.0   |   .   |         .         |
[0;32m  OK  [0m] Started Daily Cleanup of Temporary Directories.
[   28.436827] cloud-init[944]: ci-info: |   lo   | True |          ::1/128          |       .       |  host |         .         |
[   28.754425] cloud-init[944]: ci-info: +--------+------+---------------------------+---------------+-------+-------------------+
[   28.754765] cloud-init[944]: ci-info: +++++++++++++++++++++++++++Route IPv4 info++++++++++++++++++++++++++++
[[0;32m  OK  [0m] Listening on UUID daemon activation socket.
[   28.754959] cloud-init[944]: ci-info: +-------+-------------+----------+---------------+-----------+-------+
[   29.081502] cloud-init[944]: ci-info: | Route | Destination | Gateway  |    Genmask    | Interface | Flags |
         [   29.082308] Starting Socket activation for snappy daemon.cloud-init
[944]: ci-info: +-------+-------------+----------+---------------+-----------+-------+
[[   29.082763] cloud-init[944]: ci-info: |   0   |   0.0.0.0   | 10.0.2.2 |    0.0.0.0    |   enp0s3  |   UG  |
[0;32m  OK  [0m] Listening on D-Bus System Message Bus Socket.
[   29.300852] cloud-init[944]: ci-info: |   1   |   10.0.2.0  | 0.0.0.0  | 255.255.255.0 |   enp0s3  |   U   |
[   29.504150] cloud-init[944]: ci-info: +-------+-------------+----------+---------------+-----------+-------+
[[0;32m  OK  [0m] Started ACPI Events Check.
[[0;32m  OK  [0m] Reached target Paths.
[   29.504692] cloud-init[944]: Generating public/private rsa key pair.
[   29.728534] cloud-init[944]: Your identification has been saved in /etc/ssh/ssh_host_rsa_key.
[   29.824455] cloud-init[944]: Your public key has been saved in /etc/ssh/ssh_host_rsa_key.pub.
[[0;32m  OK  [0m] Started Timer to automatically refresh installed snaps.
[   29.824984] cloud-init[944]: The key fingerprint is:
[   30.008602] cloud-init[944]: SHA256:JNV8NdpzJ2oYJ1nTcZEK3G0QMUsfWBaRW3pEtHAB2I0 root@ubuntu-xenial
[   30.008934] cloud-init[944]: The key's randomart image is:
         Starting LXD - unix socket.
[[   30.009053] cloud-init[944]: +---[RSA 2048]----+
[0;32m  OK  [0m] Listening on ACPID Listen Socket.
[[0;32m  OK  [0m] Reached target Cloud-config availability.
[[0;32m  OK  [0m] Reached target Network is Online.
[   30.201035] cloud-init[944]: |        .o. *@#&@|
[   30.468448] cloud-init[944]: |       .  o*oEOO=|
[   30.528436] cloud-init[944]: |      . . +.+.*==|
[   30.580501] [cloud-init[0;32m  OK  [0m[944]: ] |       o   = o.=o|Started Daily apt download activities.

[[0;32m  OK  [0m] Started Daily apt upgrade and clean activities.
[[0;32m  OK  [0m] Reached target Timers.
[   30.580945] cloud-init[944]: |        S . o  . |
[   30.932498] cloud-init[944]: |           .     |
         Starting iSCSI initiator daemon (iscsid)...
[   30.933866] cloud-init[944]: |                 |
[   31.084517] [cloud-init[0;32m  OK  [0m[944]: |                 |
] Listening on Socket activation for snappy daemon.
[[0;32m  OK  [0m] Listening on LXD - unix socket.
[   31.084918] cloud-init[944]: |                 |
[[0;32m  OK  [0m] Reached target Sockets.
[[   31.297123] cloud-init[944]: +----[SHA256]-----+
[0;32m  OK  [0m] Reached target Basic System.
[   31.341142] cloud-init[944]: Generating public/private dsa key pair.
[   31.510554]          cloud-initStarting LXD - container startup/shutdown...[944]: 
Your identification has been saved in /etc/ssh/ssh_host_dsa_key.
[   31.511224] cloud-init[944]: Your public key has been saved in /etc/ssh/ssh_host_dsa_key.pub.
[   31.775554] cloud-init[944]: The key fingerprint is:
[   31.828498] cloud-init[944]: SHA256:QyTQsL78+dZ98LraFVNWLXOXxD66HDDU1yXFOcN5xXU root@ubuntu-xenial
[   31.828717] cloud-init[944]: The key's randomart image is:
[   31.829116] cloud-init[944]: +---[DSA 1024]----+
[   31.829182] cloud-init[944]: |    o+. .   . ==E|
[   31.829242] cloud-init[944]: |     ..o   . .o@@|
[   31.829301] cloud-init[944]: |    .   . .   o+B|
[   31.829362] cloud-init[944]: |   .   .   o   = |
[   31.829420] cloud-init[944]: |    .   S   o + .|
[   31.829479] cloud-init[944]: |   . .   .  .o o |
[   31.829538] cloud-init[944]: |    o    . ..o+  |
[   31.829595] cloud-init[944]: |     . .. ...+o  |
[   31.829659] cloud-init[944]: |      oo. ..++   |
[   31.829717] cloud-init[944]: +----[SHA256]-----+
[   31.829775] cloud-init[944]: Generating public/private ecdsa key pair.
[   31.829834] cloud-init[944]: Your identification has been saved in /etc/ssh/ssh_host_ecdsa_key.
[   31.829892] cloud-init[944]: Your public key has been saved in /etc/ssh/ssh_host_ecdsa_key.pub.
[   31.829949] cloud-init[944]: The key fingerprint is:
[   31.830015] cloud-init[944]: SHA256:lBbGmol6J9qhJyDBcp6lSHO+Vk5nIfX6bWnWr3gY9+0 root@ubuntu-xenial
         Starting LSB: Record successful boot for GRUB...
[   31.830146] cloud-init[944]: The key's randomart image is:
[   32.192494] [cloud-init[0;32m  OK  [0m[944]: ] +---[ECDSA 256]---+Started FUSE filesystem for LXC.

[   32.192994] [cloud-init[0;32m  OK  [0m[944]: ] |       .o        |Started Unattended Upgrades Shutdown.

         Starting Pollinate to seed the pseudo random number generator...
[   32.384009] cloud-init[944]: |       o.o       |
[   32.396675] cloud-init[944]: |.    ..+=        |
[   32.401385] cloud-init[944]: |o+..o.++ .       |
[   32.403227] cloud-init[944]: |o=+=  . S        |
[   32.405391] cloud-init[944]: |+ =.+o.+   . .   |
[   32.407448] cloud-init[944]: |.. ==+o . . * . .|
[   32.410020] cloud-init[944]: |  +oo.   . B.o ..|
[   32.414186] cloud-init[944]: |  .o      +...ooE|
[   32.417384] cloud-init[944]: +----[SHA256]-----+
[   32.419439] cloud-init[944]: Generating public/private ed25519 key pair.
[   32.425439] cloud-init[944]: Your identification has been saved in /etc/ssh/ssh_host_ed25519_key.
[   32.429527] cloud-init[944]: Your public key has been saved in /etc/ssh/ssh_host_ed25519_key.pub.[[0;32m  OK  [0m] Started Regular background program processing daemon.
         Starting Apply the settings specified in cloud-config...
         Starting /etc/rc.local Compatibility...
         Starting Accounts Service...

[   32.504175] [[0;32m  OK  [0m] Started ACPI event daemon.
cloud-init[944]: The key fingerprint is:
[   32.508663] cloud-init[944]: SHA256:DJYm7ulY3NCnTC6Ix5qeEdJAkw+BKH0hcRmjHoQeTG0 root@ubuntu-xenial
[   32.513772] cloud-init[944]: The key's randomart image is:
[   32.516189] cloud-init[944]: +--[ED25519 256]--+
[   32.518424] cloud-init[944]: |=BB.=+           |
[   32.520634] cloud-init[944]: |**oEo. .         |
[   32.526127] cloud-init[944]: |+ B.. =          |
[   32.528926] cloud-init[944]: | = + = o         |
[   32.531569] cloud-init[944]: |..o o o S        |
[   32.534529] cloud-init[[0;32m  OK  [0m] Started D-Bus System Message Bus.
[944]: |.o.+ B o         |
[   32.538081] cloud-init[944]: |..+ * =          |
[   32.540382] cloud-init[944]: | +o+ .           |
[   32.542675] cloud-init[944]: |+o. .            |
[   32.546185] cloud-init[944]: +----[SHA256]-----+
[[0;32m  OK  [0m] Started Deferred execution scheduler.
         Starting Login Service...
         Starting System Logging Service...
         Starting LSB: MD monitoring daemon...
         Starting Snappy daemon...
[[0;32m  OK  [0m] Started iSCSI initiator daemon (iscsid).
[[0;32m  OK  [0m] Started LXD - container startup/shutdown.
[[0;32m  OK  [0m] Started /etc/rc.local Compatibility.
[[0;32m  OK  [0m] Started Login Service.
         Starting Authenticate and Authorize Users to Run Privileged Tasks...
         Starting Login to default iSCSI targets...
[   34.202930] cloud-init[1074]: Generating locales (this might take a while)...
[[0;32m  OK  [0m] Started LSB: Record successful boot for GRUB.
[[0;32m  OK  [0m] Started LSB: MD monitoring daemon.
[[0;32m  OK  [0m] Started System Logging Service.
[[0;32m  OK  [0m] Started Authenticate and Authorize Users to Run Privileged Tasks.
[[0;32m  OK  [0m] Started Login to default iSCSI targets.
[[0;32m  OK  [0m] Started Accounts Service.
[[0;32m  OK  [0m] Reached target Remote File Systems (Pre).
[[0;32m  OK  [0m] Reached target Remote File Systems.
         Starting Permit User Sessions...
         Starting LSB: automatic crash report generation...
         Starting LSB: daemon to balance interrupts for SMP systems...
         Starting LSB: VirtualBox Linux Additions...
         Starting LSB: Set the CPU Frequency Scaling governor to "ondemand"...
[[0;32m  OK  [0m] Started Permit User Sessions.
         Starting Hold until boot process finishes up...
         Starting Terminate Plymouth Boot Screen...
[[0;32m  OK  [0m] Started LSB: automatic crash report generation.
[[0;32m  OK  [0m] Started Hold until boot process finishes up.
[[0;32m  OK  [0m] Started Terminate Plymouth Boot Screen.
[[0;32m  OK  [0m] Started LSB: Set the CPU Frequency Scaling governor to "ondemand".
         Starting Set console scheme...
[[0;32m  OK  [0m] Started Serial Getty on ttyS0.
[[0;32m  OK  [0m] Started Getty on tty1.
[[0;32m  OK  [0m] Reached target Login Prompts.
[[0;32m  OK  [0m] Started LSB: daemon to balance interrupts for SMP systems.
[[0;32m  OK  [0m] Started Set console scheme.
[[0;32m  OK  [0m] Started Snappy daemon.
[[0;32m  OK  [0m] Started Pollinate to seed the pseudo random number generator.
         Starting OpenBSD Secure Shell server...
[[0;32m  OK  [0m] Started LSB: VirtualBox Linux Additions.
[[0;32m  OK  [0m] Started OpenBSD Secure Shell server.
[[0;32m  OK  [0m] Reached target Multi-User System.
[[0;32m  OK  [0m] Reached target Graphical Interface.
         Starting Update UTMP about System Runlevel Changes...
[[0;32m  OK  [0m] Started Update UTMP about System Runlevel Changes.
[[0;32m  OK  [0m] Created slice User Slice of vagrant.
         Starting User Manager for UID 1000...
[[0;32m  OK  [0m] Started Session 1 of user vagrant.
[   37.399697] cloud-init[1074]:   en_US.UTF-8... done
[   37.433301] cloud-init[1074]: Generation complete.
[[0;32m  OK  [0m] Started User Manager for UID 1000.
[   40.336727] cloud-init[1074]: Cloud-init v. 17.1 running 'modules:config' at Thu, 25 Jan 2018 12:27:24 +0000. Up 33.15 seconds.
[[0;32m  OK  [0m] Started Apply the settings specified in cloud-config.
         Starting Execute cloud user/final scripts...
ci-info: no authorized ssh keys fingerprints found for user ubuntu.
<14>Jan 25 12:27:32 ec2: 
<14>Jan 25 12:27:32 ec2: #############################################################
<14>Jan 25 12:27:32 ec2: -----BEGIN SSH HOST KEY FINGERPRINTS-----
<14>Jan 25 12:27:32 ec2: 1024 SHA256:QyTQsL78+dZ98LraFVNWLXOXxD66HDDU1yXFOcN5xXU root@ubuntu-xenial (DSA)
<14>Jan 25 12:27:32 ec2: 256 SHA256:lBbGmol6J9qhJyDBcp6lSHO+Vk5nIfX6bWnWr3gY9+0 root@ubuntu-xenial (ECDSA)
<14>Jan 25 12:27:32 ec2: 256 SHA256:DJYm7ulY3NCnTC6Ix5qeEdJAkw+BKH0hcRmjHoQeTG0 root@ubuntu-xenial (ED25519)
<14>Jan 25 12:27:32 ec2: 2048 SHA256:JNV8NdpzJ2oYJ1nTcZEK3G0QMUsfWBaRW3pEtHAB2I0 root@ubuntu-xenial (RSA)
<14>Jan 25 12:27:32 ec2: -----END SSH HOST KEY FINGERPRINTS-----
<14>Jan 25 12:27:32 ec2: #############################################################
-----BEGIN SSH HOST KEY KEYS-----
ecdsa-sha2-nistp256 AAAAE2VjZHNhLXNoYTItbmlzdHAyNTYAAAAIbmlzdHAyNTYAAABBBMX7Myj5mR8i8u5B9qaro1mGO1Ytvj3xKUfgSMM7batqZMQrpVog3kBEngSafYMGr3aSfQUxSKqRo+oS3tCqs74= root@ubuntu-xenial
ssh-ed25519 AAAAC3NzaC1lZDI1NTE5AAAAIPfrZwvijUJfeFXJ9xd9OptBtpf/8Lnt24SCBAKe3ndi root@ubuntu-xenial
ssh-rsa AAAAB3NzaC1yc2EAAAADAQABAAABAQCwFa/kyRYPJKJtA9ew7mSVUp/lLLis4bVUpDN3+ALpcGJqzCDBZrG/ZHUoL7kUyousVU58F4PuGfT9gCL4GMqej9JTSA3slqSPPzdDI79Y1JFy/7M6XiGuHJzr45PT0vGRjodH9qVMCcy8t98AEkR42zh3Stmg6WedjRWk0jpdzwY/QL9vGaUe0Wx5fuQLaOTzcsu+dmOoRZT/S23EPTxVpKeXUvguV3uGBoKmWVDCrkDkdVqztO7igKp9QRSOjpiEsz5FRYrwWEHjCP+HuicbaakvlLrhRAkVAwzsKAXebAb2aPPDGLB3GlozBXR9ZF0OktKwur+AKtt7a3B5R4/f root@ubuntu-xenial
-----END SSH HOST KEY KEYS-----
[   41.471064] cloud-init[1437]: Cloud-init v. 17.1 running 'modules:final' at Thu, 25 Jan 2018 12:27:32 +0000. Up 41.04 seconds.
[   41.471423] cloud-init[1437]: ci-info: no authorized ssh keys fingerprints found for user ubuntu.
[   41.471575] cloud-init[1437]: Cloud-init v. 17.1 finished at Thu, 25 Jan 2018 12:27:32 +0000. Datasource DataSourceNoCloud [seed=/dev/sdb][dsmode=net].  Up 41.45 seconds

Ubuntu 16.04.3 LTS ubuntu-xenial ttyS0

ubuntu-xenial login: 